Training script stated
Sending notification email...
/root/dead.letter 10/298
Starting training CNN model
Changing direction
Sending notification email...
/root/dead.letter 10/271
/root/dead.letter 10/289
Start time: 2025-08-04 17:05:23
Device in use: cuda
Is CUDA available: True
GPU name: Tesla V100-PCIE-16GB
[Epoch 1] Train Loss: 66.5745, Train Acc: 0.8955
[Epoch 1] Val Acc: 0.9581, Precision: 0.9524, Recall: 0.9714, F1: 0.9618, AUC: 0.9934, AP: 0.9945
top10 best model updated
top30 best model updated
top50 best model updated
[Epoch 2] Train Loss: 15.9827, Train Acc: 0.9782
[Epoch 2] Val Acc: 0.9126, Precision: 0.9922, Recall: 0.8457, F1: 0.9131, AUC: 0.9913, AP: 0.9929
[Epoch 3] Train Loss: 9.2451, Train Acc: 0.9877
[Epoch 3] Val Acc: 0.9633, Precision: 0.9605, Recall: 0.9724, F1: 0.9664, AUC: 0.9959, AP: 0.9966
top10 best model updated
top30 best model updated
top50 best model updated
[Epoch 4] Train Loss: 9.1157, Train Acc: 0.9883
[Epoch 4] Val Acc: 0.9027, Precision: 0.9909, Recall: 0.8286, F1: 0.9025, AUC: 0.9893, AP: 0.9919
[Epoch 5] Train Loss: 8.6742, Train Acc: 0.9887
[Epoch 5] Val Acc: 0.9653, Precision: 0.9589, Recall: 0.9781, F1: 0.9684, AUC: 0.9963, AP: 0.9969
top10 best model updated
top30 best model updated
top50 best model updated
[Epoch 6] Train Loss: 3.6947, Train Acc: 0.9958
[Epoch 6] Val Acc: 0.9814, Precision: 0.9847, Recall: 0.9810, F1: 0.9828, AUC: 0.9982, AP: 0.9985
top10 best model updated
top30 best model updated
top50 best model updated
[Epoch 7] Train Loss: 2.2654, Train Acc: 0.9984
[Epoch 7] Val Acc: 0.9715, Precision: 0.9788, Recall: 0.9686, F1: 0.9737, AUC: 0.9965, AP: 0.9973
[Epoch 8] Train Loss: 2.6777, Train Acc: 0.9973
[Epoch 8] Val Acc: 0.9483, Precision: 0.9174, Recall: 0.9943, F1: 0.9543, AUC: 0.9950, AP: 0.9957
[Epoch 9] Train Loss: 8.2963, Train Acc: 0.9902
[Epoch 9] Val Acc: 0.9793, Precision: 0.9903, Recall: 0.9714, F1: 0.9808, AUC: 0.9975, AP: 0.9981
[Epoch 10] Train Loss: 3.2328, Train Acc: 0.9968
[Epoch 10] Val Acc: 0.9684, Precision: 0.9980, Recall: 0.9438, F1: 0.9701, AUC: 0.9975, AP: 0.9982
[Epoch 11] Train Loss: 1.5717, Train Acc: 0.9984
[Epoch 11] Val Acc: 0.9819, Precision: 0.9856, Recall: 0.9810, F1: 0.9833, AUC: 0.9979, AP: 0.9984
top30 best model updated
top50 best model updated
[Epoch 12] Train Loss: 2.4735, Train Acc: 0.9971
[Epoch 12] Val Acc: 0.9741, Precision: 0.9845, Recall: 0.9676, F1: 0.9760, AUC: 0.9975, AP: 0.9981
[Epoch 13] Train Loss: 3.9680, Train Acc: 0.9953
[Epoch 13] Val Acc: 0.9824, Precision: 0.9847, Recall: 0.9829, F1: 0.9838, AUC: 0.9984, AP: 0.9988
top30 best model updated
top50 best model updated
[Epoch 14] Train Loss: 1.2920, Train Acc: 0.9982
[Epoch 14] Val Acc: 0.9809, Precision: 0.9783, Recall: 0.9867, F1: 0.9825, AUC: 0.9984, AP: 0.9987
[Epoch 15] Train Loss: 2.5332, Train Acc: 0.9975
[Epoch 15] Val Acc: 0.9540, Precision: 0.9420, Recall: 0.9752, F1: 0.9584, AUC: 0.9921, AP: 0.9931
[Epoch 16] Train Loss: 1.5915, Train Acc: 0.9982
[Epoch 16] Val Acc: 0.9865, Precision: 0.9942, Recall: 0.9810, F1: 0.9875, AUC: 0.9989, AP: 0.9991
top30 best model updated
top50 best model updated
[Epoch 17] Train Loss: 2.5323, Train Acc: 0.9969
[Epoch 17] Val Acc: 0.9679, Precision: 0.9723, Recall: 0.9686, F1: 0.9704, AUC: 0.9951, AP: 0.9959
[Epoch 18] Train Loss: 7.3688, Train Acc: 0.9909
[Epoch 18] Val Acc: 0.9017, Precision: 0.9853, Recall: 0.8314, F1: 0.9019, AUC: 0.9906, AP: 0.9921
[Epoch 19] Train Loss: 1.8434, Train Acc: 0.9978
[Epoch 19] Val Acc: 0.9793, Precision: 0.9702, Recall: 0.9924, F1: 0.9812, AUC: 0.9990, AP: 0.9992
[Epoch 20] Train Loss: 0.4694, Train Acc: 0.9994
[Epoch 20] Val Acc: 0.9767, Precision: 0.9648, Recall: 0.9933, F1: 0.9789, AUC: 0.9979, AP: 0.9982
[Epoch 21] Train Loss: 1.8012, Train Acc: 0.9979
[Epoch 21] Val Acc: 0.9783, Precision: 0.9737, Recall: 0.9867, F1: 0.9801, AUC: 0.9976, AP: 0.9981
[Epoch 22] Train Loss: 2.4627, Train Acc: 0.9976
[Epoch 22] Val Acc: 0.9333, Precision: 0.9968, Recall: 0.8800, F1: 0.9347, AUC: 0.9962, AP: 0.9970
[Epoch 23] Train Loss: 3.0501, Train Acc: 0.9960
[Epoch 23] Val Acc: 0.9772, Precision: 0.9931, Recall: 0.9648, F1: 0.9787, AUC: 0.9981, AP: 0.9984
[Epoch 24] Train Loss: 2.0083, Train Acc: 0.9973
[Epoch 24] Val Acc: 0.9783, Precision: 0.9865, Recall: 0.9733, F1: 0.9799, AUC: 0.9981, AP: 0.9985
[Epoch 25] Train Loss: 1.4852, Train Acc: 0.9981
[Epoch 25] Val Acc: 0.9840, Precision: 0.9894, Recall: 0.9810, F1: 0.9852, AUC: 0.9991, AP: 0.9993
[Epoch 26] Train Loss: 0.5381, Train Acc: 0.9994
[Epoch 26] Val Acc: 0.9669, Precision: 0.9970, Recall: 0.9419, F1: 0.9687, AUC: 0.9986, AP: 0.9989
[Epoch 27] Train Loss: 2.0605, Train Acc: 0.9972
[Epoch 27] Val Acc: 0.9684, Precision: 0.9815, Recall: 0.9600, F1: 0.9706, AUC: 0.9956, AP: 0.9965
[Epoch 28] Train Loss: 2.4202, Train Acc: 0.9968
[Epoch 28] Val Acc: 0.9767, Precision: 0.9836, Recall: 0.9733, F1: 0.9785, AUC: 0.9967, AP: 0.9972
[Epoch 29] Train Loss: 0.7192, Train Acc: 0.9991
[Epoch 29] Val Acc: 0.9757, Precision: 0.9674, Recall: 0.9886, F1: 0.9779, AUC: 0.9975, AP: 0.9980
[Epoch 30] Train Loss: 0.1178, Train Acc: 1.0000
[Epoch 30] Val Acc: 0.9809, Precision: 0.9941, Recall: 0.9705, F1: 0.9822, AUC: 0.9986, AP: 0.9989
[Epoch 31] Train Loss: 0.0426, Train Acc: 1.0000
[Epoch 31] Val Acc: 0.9865, Precision: 0.9904, Recall: 0.9848, F1: 0.9876, AUC: 0.9986, AP: 0.9989
[Epoch 32] Train Loss: 0.0186, Train Acc: 1.0000
[Epoch 32] Val Acc: 0.9850, Precision: 0.9885, Recall: 0.9838, F1: 0.9862, AUC: 0.9987, AP: 0.9989
[Epoch 33] Train Loss: 0.0084, Train Acc: 1.0000
[Epoch 33] Val Acc: 0.9860, Precision: 0.9885, Recall: 0.9857, F1: 0.9871, AUC: 0.9987, AP: 0.9990
[Epoch 34] Train Loss: 0.0206, Train Acc: 1.0000
[Epoch 34] Val Acc: 0.9871, Precision: 0.9858, Recall: 0.9905, F1: 0.9881, AUC: 0.9990, AP: 0.9992
top50 best model updated
[Epoch 35] Train Loss: 0.0477, Train Acc: 1.0000
[Epoch 35] Val Acc: 0.9767, Precision: 0.9692, Recall: 0.9886, F1: 0.9788, AUC: 0.9971, AP: 0.9970
[Epoch 36] Train Loss: 13.6435, Train Acc: 0.9859
[Epoch 36] Val Acc: 0.9752, Precision: 0.9836, Recall: 0.9705, F1: 0.9770, AUC: 0.9977, AP: 0.9981
[Epoch 37] Train Loss: 2.0786, Train Acc: 0.9979
[Epoch 37] Val Acc: 0.9829, Precision: 0.9847, Recall: 0.9838, F1: 0.9843, AUC: 0.9986, AP: 0.9987
[Epoch 38] Train Loss: 0.7563, Train Acc: 0.9992
[Epoch 38] Val Acc: 0.9829, Precision: 0.9820, Recall: 0.9867, F1: 0.9843, AUC: 0.9983, AP: 0.9985
[Epoch 39] Train Loss: 0.9002, Train Acc: 0.9989
[Epoch 39] Val Acc: 0.9767, Precision: 0.9799, Recall: 0.9771, F1: 0.9785, AUC: 0.9972, AP: 0.9976
[Epoch 40] Train Loss: 0.8264, Train Acc: 0.9991
[Epoch 40] Val Acc: 0.9772, Precision: 0.9675, Recall: 0.9914, F1: 0.9793, AUC: 0.9984, AP: 0.9987
[Epoch 41] Train Loss: 0.3444, Train Acc: 0.9998
[Epoch 41] Val Acc: 0.9809, Precision: 0.9783, Recall: 0.9867, F1: 0.9825, AUC: 0.9984, AP: 0.9987
[Epoch 42] Train Loss: 4.3970, Train Acc: 0.9953
[Epoch 42] Val Acc: 0.9426, Precision: 0.9937, Recall: 0.9000, F1: 0.9445, AUC: 0.9964, AP: 0.9969
[Epoch 43] Train Loss: 1.7090, Train Acc: 0.9983
[Epoch 43] Val Acc: 0.9840, Precision: 0.9848, Recall: 0.9857, F1: 0.9852, AUC: 0.9987, AP: 0.9990
[Epoch 44] Train Loss: 1.7169, Train Acc: 0.9982
[Epoch 44] Val Acc: 0.9824, Precision: 0.9765, Recall: 0.9914, F1: 0.9839, AUC: 0.9988, AP: 0.9991
[Epoch 45] Train Loss: 0.5316, Train Acc: 0.9996
[Epoch 45] Val Acc: 0.9855, Precision: 0.9876, Recall: 0.9857, F1: 0.9867, AUC: 0.9991, AP: 0.9993
[Epoch 46] Train Loss: 0.3438, Train Acc: 0.9996
[Epoch 46] Val Acc: 0.9871, Precision: 0.9886, Recall: 0.9876, F1: 0.9881, AUC: 0.9992, AP: 0.9993
[Epoch 47] Train Loss: 0.0403, Train Acc: 1.0000
[Epoch 47] Val Acc: 0.9855, Precision: 0.9885, Recall: 0.9848, F1: 0.9866, AUC: 0.9991, AP: 0.9992
[Epoch 48] Train Loss: 0.0163, Train Acc: 1.0000
[Epoch 48] Val Acc: 0.9871, Precision: 0.9895, Recall: 0.9867, F1: 0.9881, AUC: 0.9992, AP: 0.9994
[Epoch 49] Train Loss: 0.0108, Train Acc: 1.0000
[Epoch 49] Val Acc: 0.9860, Precision: 0.9914, Recall: 0.9829, F1: 0.9871, AUC: 0.9993, AP: 0.9994
[Epoch 50] Train Loss: 0.0132, Train Acc: 1.0000
[Epoch 50] Val Acc: 0.9865, Precision: 0.9830, Recall: 0.9924, F1: 0.9877, AUC: 0.9992, AP: 0.9994
End time: 2025-08-04 17:15:50
Duration: 627s
/root/dead.letter 13/325
Sending notification email...
/root/dead.letter 10/298
Start time: 2025-08-04 17:15:52
Device in use: cuda
Is CUDA available: True
GPU name: Tesla V100-PCIE-16GB
[Epoch 1] Train Loss: 290.6336, Train Acc: 0.9739
[Epoch 1] Val Acc: 0.9720, Precision: 0.9857, Recall: 0.9577, F1: 0.9715, AUC: 0.9968, AP: 0.9964
top10 best model updated
top30 best model updated
top50 best model updated
[Epoch 2] Train Loss: 153.8842, Train Acc: 0.9857
[Epoch 2] Val Acc: 0.9815, Precision: 0.9835, Recall: 0.9793, F1: 0.9814, AUC: 0.9982, AP: 0.9980
top10 best model updated
top30 best model updated
top50 best model updated
[Epoch 3] Train Loss: 118.5019, Train Acc: 0.9893
[Epoch 3] Val Acc: 0.9778, Precision: 0.9905, Recall: 0.9647, F1: 0.9774, AUC: 0.9978, AP: 0.9978
[Epoch 4] Train Loss: 94.3461, Train Acc: 0.9912
[Epoch 4] Val Acc: 0.9862, Precision: 0.9866, Recall: 0.9856, F1: 0.9861, AUC: 0.9987, AP: 0.9983
top10 best model updated
top30 best model updated
top50 best model updated
