2025-07-31 21:50:27.118 | INFO     | src.utils:init_logging:10 - Logger initialized.
2025-07-31 21:50:27.119 | INFO     | src.train:load_features_from_folder:14 - Loading cached features from features/real_features.npy
2025-07-31 21:51:59.625 | INFO     | src.utils:init_logging:10 - Logger initialized.
2025-07-31 21:52:30.600 | INFO     | src.train:load_features_from_folder:29 - Saved features to features/real_features.npy
2025-07-31 21:52:59.889 | INFO     | src.train:load_features_from_folder:29 - Saved features to features/fake_features.npy
2025-07-31 21:52:59.891 | INFO     | src.train:train_loop:53 - Epoch 1 - Training GMMs
2025-07-31 21:52:59.891 | INFO     | src.gmm_model:train:15 - Training GMM on real features...
2025-07-31 21:54:06.286 | INFO     | src.gmm_model:train:17 - Training GMM on fake features...
2025-07-31 21:54:58.105 | INFO     | src.train:train_loop:56 - Evaluating on validation set...
2025-07-31 21:54:58.477 | INFO     | src.train:train_loop:63 - Epoch 1 - Val Accuracy: 0.5382
2025-07-31 21:54:58.478 | INFO     | src.train:train_loop:67 - New best model found. Saving checkpoints...
2025-07-31 21:54:58.494 | INFO     | src.gmm_model:save:23 - Saved models to checkpoints/gmm_real.pkl, checkpoints/gmm_fake.pkl
2025-07-31 21:54:58.495 | INFO     | src.train:train_loop:53 - Epoch 2 - Training GMMs
2025-07-31 21:54:58.495 | INFO     | src.gmm_model:train:15 - Training GMM on real features...
2025-07-31 21:55:55.598 | INFO     | src.gmm_model:train:17 - Training GMM on fake features...
2025-07-31 21:56:32.898 | INFO     | src.train:train_loop:56 - Evaluating on validation set...
2025-07-31 21:56:33.265 | INFO     | src.train:train_loop:63 - Epoch 2 - Val Accuracy: 0.5150
2025-07-31 21:56:33.266 | INFO     | src.train:train_loop:53 - Epoch 3 - Training GMMs
2025-07-31 21:56:33.266 | INFO     | src.gmm_model:train:15 - Training GMM on real features...
2025-07-31 21:57:02.760 | INFO     | src.utils:init_logging:10 - Logger initialized.
2025-07-31 21:57:34.102 | INFO     | src.train:load_features_from_folder:29 - Saved features to features/real_train.npy
2025-07-31 21:58:03.569 | INFO     | src.train:load_features_from_folder:29 - Saved features to features/fake_train.npy
2025-07-31 21:58:10.143 | INFO     | src.train:load_features_from_folder:29 - Saved features to features/real_val.npy
2025-07-31 21:58:18.213 | INFO     | src.train:load_features_from_folder:29 - Saved features to features/fake_val.npy
2025-07-31 21:58:18.214 | INFO     | src.train:train_loop:53 - Epoch 1 - Training GMMs
2025-07-31 21:58:18.214 | INFO     | src.gmm_model:train:15 - Training GMM on real features...
2025-07-31 21:59:34.681 | INFO     | src.gmm_model:train:17 - Training GMM on fake features...
2025-07-31 22:01:00.686 | INFO     | src.train:train_loop:56 - Evaluating on validation set...
2025-07-31 22:01:01.159 | INFO     | src.train:train_loop:63 - Epoch 1 - Val Accuracy: 0.3346
2025-07-31 22:01:01.159 | INFO     | src.train:train_loop:67 - New best model found. Saving checkpoints...
2025-07-31 22:01:01.173 | INFO     | src.gmm_model:save:23 - Saved models to checkpoints/gmm_real.pkl, checkpoints/gmm_fake.pkl
2025-07-31 22:01:01.173 | INFO     | src.train:train_loop:53 - Epoch 2 - Training GMMs
2025-07-31 22:01:01.173 | INFO     | src.gmm_model:train:15 - Training GMM on real features...
2025-07-31 22:03:25.372 | INFO     | src.gmm_model:train:17 - Training GMM on fake features...
2025-07-31 22:04:40.798 | INFO     | src.train:train_loop:56 - Evaluating on validation set...
2025-07-31 22:04:41.264 | INFO     | src.train:train_loop:63 - Epoch 2 - Val Accuracy: 0.3286
2025-07-31 22:04:41.264 | INFO     | src.train:train_loop:53 - Epoch 3 - Training GMMs
2025-07-31 22:04:41.264 | INFO     | src.gmm_model:train:15 - Training GMM on real features...
2025-07-31 22:06:34.685 | INFO     | src.gmm_model:train:17 - Training GMM on fake features...
2025-07-31 22:07:34.267 | INFO     | src.train:train_loop:56 - Evaluating on validation set...
2025-07-31 22:07:34.689 | INFO     | src.train:train_loop:63 - Epoch 3 - Val Accuracy: 0.3177
2025-07-31 22:07:34.689 | INFO     | src.train:train_loop:53 - Epoch 4 - Training GMMs
2025-07-31 22:07:34.690 | INFO     | src.gmm_model:train:15 - Training GMM on real features...
2025-07-31 22:12:09.143 | INFO     | src.utils:init_logging:10 - Logger initialized.
2025-07-31 22:12:09.143 | INFO     | src.train:load_features_from_folder:14 - Loading cached features from features/real_train.npy
2025-07-31 22:12:09.158 | INFO     | src.train:load_features_from_folder:14 - Loading cached features from features/fake_train.npy
2025-07-31 22:12:09.173 | INFO     | src.train:load_features_from_folder:14 - Loading cached features from features/real_val.npy
2025-07-31 22:12:09.177 | INFO     | src.train:load_features_from_folder:14 - Loading cached features from features/fake_val.npy
2025-07-31 22:12:09.181 | INFO     | src.train:train_loop:53 - Epoch 1 - Training GMMs
2025-07-31 22:12:09.181 | INFO     | src.gmm_model:train:15 - Training GMM on real features...
2025-07-31 22:12:58.902 | INFO     | src.gmm_model:train:17 - Training GMM on fake features...
2025-07-31 22:13:25.223 | INFO     | src.train:train_loop:62 - Epoch 1 - Train Accuracy: 0.7040
2025-07-31 22:13:25.224 | INFO     | src.train:train_loop:64 - Evaluating on validation set...
2025-07-31 22:13:25.477 | INFO     | src.train:train_loop:71 - Epoch 1 - Val Accuracy: 0.3492
2025-07-31 22:13:25.478 | INFO     | src.train:train_loop:72 - Validation scores stats — mean: 6.9679, std: 15.4338
2025-07-31 22:13:25.478 | INFO     | src.train:train_loop:76 - New best model found. Saving checkpoints...
2025-07-31 22:13:25.490 | INFO     | src.gmm_model:save:23 - Saved models to checkpoints/gmm_real.pkl, checkpoints/gmm_fake.pkl
2025-07-31 22:13:25.490 | INFO     | src.train:train_loop:53 - Epoch 2 - Training GMMs
2025-07-31 22:13:25.491 | INFO     | src.gmm_model:train:15 - Training GMM on real features...
2025-07-31 22:14:15.283 | INFO     | src.gmm_model:train:17 - Training GMM on fake features...
2025-07-31 22:14:43.313 | INFO     | src.train:train_loop:62 - Epoch 2 - Train Accuracy: 0.7038
2025-07-31 22:14:43.313 | INFO     | src.train:train_loop:64 - Evaluating on validation set...
2025-07-31 22:14:43.563 | INFO     | src.train:train_loop:71 - Epoch 2 - Val Accuracy: 0.3485
2025-07-31 22:14:43.563 | INFO     | src.train:train_loop:72 - Validation scores stats — mean: 6.9667, std: 15.4169
2025-07-31 22:14:43.564 | INFO     | src.train:train_loop:53 - Epoch 3 - Training GMMs
2025-07-31 22:14:43.564 | INFO     | src.gmm_model:train:15 - Training GMM on real features...
2025-07-31 22:15:33.162 | INFO     | src.gmm_model:train:17 - Training GMM on fake features...
2025-07-31 22:15:58.843 | INFO     | src.train:train_loop:62 - Epoch 3 - Train Accuracy: 0.7039
2025-07-31 22:15:58.843 | INFO     | src.train:train_loop:64 - Evaluating on validation set...
2025-07-31 22:15:59.084 | INFO     | src.train:train_loop:71 - Epoch 3 - Val Accuracy: 0.3492
2025-07-31 22:15:59.085 | INFO     | src.train:train_loop:72 - Validation scores stats — mean: 6.9657, std: 15.4285
2025-07-31 22:15:59.085 | INFO     | src.train:train_loop:53 - Epoch 4 - Training GMMs
2025-07-31 22:15:59.086 | INFO     | src.gmm_model:train:15 - Training GMM on real features...
2025-07-31 22:20:42.456 | INFO     | src.utils:init_logging:10 - Logger initialized.
2025-07-31 22:21:13.548 | INFO     | src.train:load_features_from_folder:31 - Saved features to features/real_train.npy
2025-07-31 22:21:42.642 | INFO     | src.train:load_features_from_folder:31 - Saved features to features/fake_train.npy
2025-07-31 22:21:49.118 | INFO     | src.train:load_features_from_folder:31 - Saved features to features/real_val.npy
2025-07-31 22:21:57.018 | INFO     | src.train:load_features_from_folder:31 - Saved features to features/fake_val.npy
2025-07-31 22:21:57.159 | INFO     | src.train:train_loop:63 - Epoch 1 - Training GMMs
2025-07-31 22:21:57.160 | INFO     | src.gmm_model:train:15 - Training GMM on real features...
2025-07-31 22:22:02.565 | INFO     | src.gmm_model:train:17 - Training GMM on fake features...
2025-07-31 22:22:14.795 | INFO     | src.train:train_loop:72 - Epoch 1 - Train Accuracy: 0.6679
2025-07-31 22:22:14.795 | INFO     | src.train:train_loop:74 - Evaluating on validation set...
2025-07-31 22:22:15.268 | INFO     | src.train:train_loop:92 - Epoch 1 - Val Accuracy: 0.3958
2025-07-31 22:22:15.269 | INFO     | src.train:train_loop:93 - Validation scores stats — mean: 1.5072, std: 5.5209
2025-07-31 22:22:15.269 | INFO     | src.train:train_loop:97 - New best model found. Saving checkpoints...
2025-07-31 22:22:15.273 | INFO     | src.gmm_model:save:23 - Saved models to checkpoints/gmm_real.pkl, checkpoints/gmm_fake.pkl
2025-07-31 22:22:15.273 | INFO     | src.train:train_loop:63 - Epoch 2 - Training GMMs
2025-07-31 22:22:15.273 | INFO     | src.gmm_model:train:15 - Training GMM on real features...
2025-07-31 22:22:20.870 | INFO     | src.gmm_model:train:17 - Training GMM on fake features...
2025-07-31 22:22:33.572 | INFO     | src.train:train_loop:72 - Epoch 2 - Train Accuracy: 0.6679
2025-07-31 22:22:33.573 | INFO     | src.train:train_loop:74 - Evaluating on validation set...
2025-07-31 22:22:34.023 | INFO     | src.train:train_loop:92 - Epoch 2 - Val Accuracy: 0.3958
2025-07-31 22:22:34.024 | INFO     | src.train:train_loop:93 - Validation scores stats — mean: 1.5072, std: 5.5208
2025-07-31 22:22:34.024 | INFO     | src.train:train_loop:63 - Epoch 3 - Training GMMs
2025-07-31 22:22:34.024 | INFO     | src.gmm_model:train:15 - Training GMM on real features...
2025-07-31 22:22:39.969 | INFO     | src.gmm_model:train:17 - Training GMM on fake features...
2025-07-31 22:22:52.474 | INFO     | src.train:train_loop:72 - Epoch 3 - Train Accuracy: 0.6680
2025-07-31 22:22:52.475 | INFO     | src.train:train_loop:74 - Evaluating on validation set...
2025-07-31 22:22:52.924 | INFO     | src.train:train_loop:92 - Epoch 3 - Val Accuracy: 0.3961
2025-07-31 22:22:52.925 | INFO     | src.train:train_loop:93 - Validation scores stats — mean: 1.5057, std: 5.5160
2025-07-31 22:22:52.925 | INFO     | src.train:train_loop:97 - New best model found. Saving checkpoints...
2025-07-31 22:22:52.928 | INFO     | src.gmm_model:save:23 - Saved models to checkpoints/gmm_real.pkl, checkpoints/gmm_fake.pkl
2025-07-31 22:22:52.928 | INFO     | src.train:train_loop:63 - Epoch 4 - Training GMMs
2025-07-31 22:22:52.928 | INFO     | src.gmm_model:train:15 - Training GMM on real features...
2025-07-31 22:22:58.662 | INFO     | src.gmm_model:train:17 - Training GMM on fake features...
2025-07-31 22:23:11.000 | INFO     | src.train:train_loop:72 - Epoch 4 - Train Accuracy: 0.6679
2025-07-31 22:23:11.000 | INFO     | src.train:train_loop:74 - Evaluating on validation set...
2025-07-31 22:23:11.448 | INFO     | src.train:train_loop:92 - Epoch 4 - Val Accuracy: 0.3958
2025-07-31 22:23:11.448 | INFO     | src.train:train_loop:93 - Validation scores stats — mean: 1.5072, std: 5.5206
2025-07-31 22:23:11.448 | INFO     | src.train:train_loop:63 - Epoch 5 - Training GMMs
2025-07-31 22:23:11.448 | INFO     | src.gmm_model:train:15 - Training GMM on real features...
2025-07-31 22:23:17.102 | INFO     | src.gmm_model:train:17 - Training GMM on fake features...
2025-07-31 22:23:29.594 | INFO     | src.train:train_loop:72 - Epoch 5 - Train Accuracy: 0.6679
2025-07-31 22:23:29.595 | INFO     | src.train:train_loop:74 - Evaluating on validation set...
2025-07-31 22:23:30.058 | INFO     | src.train:train_loop:92 - Epoch 5 - Val Accuracy: 0.3957
2025-07-31 22:23:30.058 | INFO     | src.train:train_loop:93 - Validation scores stats — mean: 1.5072, std: 5.5208
2025-07-31 22:23:30.058 | INFO     | src.train:train_loop:63 - Epoch 6 - Training GMMs
2025-07-31 22:23:30.059 | INFO     | src.gmm_model:train:15 - Training GMM on real features...
2025-07-31 22:23:35.380 | INFO     | src.gmm_model:train:17 - Training GMM on fake features...
2025-07-31 22:23:47.692 | INFO     | src.train:train_loop:72 - Epoch 6 - Train Accuracy: 0.6679
2025-07-31 22:23:47.693 | INFO     | src.train:train_loop:74 - Evaluating on validation set...
2025-07-31 22:23:48.145 | INFO     | src.train:train_loop:92 - Epoch 6 - Val Accuracy: 0.3957
2025-07-31 22:23:48.146 | INFO     | src.train:train_loop:93 - Validation scores stats — mean: 1.5072, std: 5.5205
2025-07-31 22:23:48.146 | INFO     | src.train:train_loop:63 - Epoch 7 - Training GMMs
2025-07-31 22:23:48.146 | INFO     | src.gmm_model:train:15 - Training GMM on real features...
2025-07-31 22:23:53.663 | INFO     | src.gmm_model:train:17 - Training GMM on fake features...
2025-07-31 22:24:05.778 | INFO     | src.train:train_loop:72 - Epoch 7 - Train Accuracy: 0.6679
2025-07-31 22:24:05.779 | INFO     | src.train:train_loop:74 - Evaluating on validation set...
2025-07-31 22:24:06.228 | INFO     | src.train:train_loop:92 - Epoch 7 - Val Accuracy: 0.3958
2025-07-31 22:24:06.228 | INFO     | src.train:train_loop:93 - Validation scores stats — mean: 1.5072, std: 5.5208
2025-07-31 22:24:06.228 | INFO     | src.train:train_loop:63 - Epoch 8 - Training GMMs
2025-07-31 22:24:06.228 | INFO     | src.gmm_model:train:15 - Training GMM on real features...
2025-07-31 22:24:11.890 | INFO     | src.gmm_model:train:17 - Training GMM on fake features...
2025-07-31 22:24:24.280 | INFO     | src.train:train_loop:72 - Epoch 8 - Train Accuracy: 0.6679
2025-07-31 22:24:24.281 | INFO     | src.train:train_loop:74 - Evaluating on validation set...
2025-07-31 22:24:24.729 | INFO     | src.train:train_loop:92 - Epoch 8 - Val Accuracy: 0.3958
2025-07-31 22:24:24.729 | INFO     | src.train:train_loop:93 - Validation scores stats — mean: 1.5071, std: 5.5205
2025-07-31 22:24:24.729 | INFO     | src.train:train_loop:63 - Epoch 9 - Training GMMs
2025-07-31 22:24:24.729 | INFO     | src.gmm_model:train:15 - Training GMM on real features...
2025-07-31 22:24:30.709 | INFO     | src.gmm_model:train:17 - Training GMM on fake features...
2025-07-31 22:24:43.077 | INFO     | src.train:train_loop:72 - Epoch 9 - Train Accuracy: 0.6679
2025-07-31 22:24:43.078 | INFO     | src.train:train_loop:74 - Evaluating on validation set...
2025-07-31 22:24:43.600 | INFO     | src.train:train_loop:92 - Epoch 9 - Val Accuracy: 0.3957
2025-07-31 22:24:43.600 | INFO     | src.train:train_loop:93 - Validation scores stats — mean: 1.5071, std: 5.5208
2025-07-31 22:24:43.601 | INFO     | src.train:train_loop:63 - Epoch 10 - Training GMMs
2025-07-31 22:24:43.601 | INFO     | src.gmm_model:train:15 - Training GMM on real features...
2025-07-31 22:24:49.370 | INFO     | src.gmm_model:train:17 - Training GMM on fake features...
2025-07-31 22:25:01.709 | INFO     | src.train:train_loop:72 - Epoch 10 - Train Accuracy: 0.6680
2025-07-31 22:25:01.710 | INFO     | src.train:train_loop:74 - Evaluating on validation set...
2025-07-31 22:25:02.201 | INFO     | src.train:train_loop:92 - Epoch 10 - Val Accuracy: 0.3960
2025-07-31 22:25:02.202 | INFO     | src.train:train_loop:93 - Validation scores stats — mean: 1.5057, std: 5.5159
2025-07-31 22:31:22.857 | INFO     | src.utils:init_logging:10 - Logger initialized.
2025-07-31 22:31:22.857 | INFO     | src.train:load_features_from_folder:18 - Loading cached features from features/real_train.npy
2025-07-31 22:31:22.872 | INFO     | src.train:load_features_from_folder:18 - Loading cached features from features/fake_train.npy
2025-07-31 22:31:22.887 | INFO     | src.train:load_features_from_folder:18 - Loading cached features from features/real_val.npy
2025-07-31 22:31:22.891 | INFO     | src.train:load_features_from_folder:18 - Loading cached features from features/fake_val.npy
2025-07-31 22:31:23.065 | INFO     | src.train:train_loop:65 - Epoch 1 - Training GMMs
2025-07-31 22:31:23.066 | INFO     | src.gmm_model:train:15 - Training GMM on real features...
2025-07-31 22:31:33.059 | INFO     | src.utils:init_logging:10 - Logger initialized.
2025-07-31 22:35:16.171 | INFO     | src.train:load_features_from_folder:33 - Saved features to features/real_train.npy
2025-07-31 22:38:50.303 | INFO     | src.train:load_features_from_folder:33 - Saved features to features/fake_train.npy
2025-07-31 22:39:37.813 | INFO     | src.train:load_features_from_folder:33 - Saved features to features/real_val.npy
2025-07-31 22:40:35.534 | INFO     | src.train:load_features_from_folder:33 - Saved features to features/fake_val.npy
2025-07-31 22:40:35.759 | INFO     | src.train:train_loop:65 - Epoch 1 - Training GMMs
2025-07-31 22:40:35.760 | INFO     | src.gmm_model:train:15 - Training GMM on real features...
2025-07-31 22:40:45.766 | INFO     | src.gmm_model:train:17 - Training GMM on fake features...
2025-07-31 22:40:57.081 | INFO     | src.train:train_loop:74 - Epoch 1 - Train Accuracy: 0.6758
2025-07-31 22:41:02.765 | INFO     | src.train:train_loop:79 - Evaluating on validation set...
2025-07-31 22:41:03.246 | INFO     | src.train:train_loop:97 - Epoch 1 - Val Accuracy: 0.3644
2025-07-31 22:41:03.246 | INFO     | src.train:train_loop:98 - Validation scores stats — mean: 2.0744, std: 6.1522
2025-07-31 22:41:03.268 | INFO     | src.train:train_loop:105 - Epoch 1 - Logistic Reg Val Accuracy: 0.5389 | F1: 0.5780 | AUC: 0.5414
2025-07-31 22:41:03.268 | INFO     | src.train:train_loop:109 - New best model found. Saving checkpoints...
2025-07-31 22:41:03.275 | INFO     | src.gmm_model:save:23 - Saved models to checkpoints/gmm_real.pkl, checkpoints/gmm_fake.pkl
2025-07-31 22:41:03.275 | INFO     | src.train:train_loop:65 - Epoch 2 - Training GMMs
2025-07-31 22:41:03.275 | INFO     | src.gmm_model:train:15 - Training GMM on real features...
2025-07-31 22:41:14.790 | INFO     | src.gmm_model:train:17 - Training GMM on fake features...
2025-07-31 22:41:26.659 | INFO     | src.train:train_loop:74 - Epoch 2 - Train Accuracy: 0.6818
2025-07-31 22:41:32.464 | INFO     | src.train:train_loop:79 - Evaluating on validation set...
2025-07-31 22:41:32.956 | INFO     | src.train:train_loop:97 - Epoch 2 - Val Accuracy: 0.3531
2025-07-31 22:41:32.956 | INFO     | src.train:train_loop:98 - Validation scores stats — mean: 1.8298, std: 6.1101
2025-07-31 22:41:32.977 | INFO     | src.train:train_loop:105 - Epoch 2 - Logistic Reg Val Accuracy: 0.5389 | F1: 0.5780 | AUC: 0.5414
2025-07-31 22:41:32.978 | INFO     | src.train:train_loop:65 - Epoch 3 - Training GMMs
2025-07-31 22:41:32.978 | INFO     | src.gmm_model:train:15 - Training GMM on real features...
2025-07-31 22:41:43.103 | INFO     | src.gmm_model:train:17 - Training GMM on fake features...
2025-07-31 22:41:51.562 | INFO     | src.train:train_loop:74 - Epoch 3 - Train Accuracy: 0.6516
2025-07-31 22:41:59.685 | INFO     | src.train:train_loop:79 - Evaluating on validation set...
2025-07-31 22:42:00.205 | INFO     | src.train:train_loop:97 - Epoch 3 - Val Accuracy: 0.4016
2025-07-31 22:42:00.205 | INFO     | src.train:train_loop:98 - Validation scores stats — mean: 3.0156, std: 7.5697
2025-07-31 22:42:00.226 | INFO     | src.train:train_loop:105 - Epoch 3 - Logistic Reg Val Accuracy: 0.5389 | F1: 0.5780 | AUC: 0.5414
2025-07-31 22:42:00.227 | INFO     | src.train:train_loop:109 - New best model found. Saving checkpoints...
2025-07-31 22:42:00.233 | INFO     | src.gmm_model:save:23 - Saved models to checkpoints/gmm_real.pkl, checkpoints/gmm_fake.pkl
2025-07-31 22:42:00.233 | INFO     | src.train:train_loop:65 - Epoch 4 - Training GMMs
2025-07-31 22:42:00.233 | INFO     | src.gmm_model:train:15 - Training GMM on real features...
2025-07-31 22:51:40.379 | INFO     | src.utils:init_logging:10 - Logger initialized.
2025-07-31 22:55:27.565 | INFO     | src.train:load_features_from_folder:34 - Saved features to features/real_train.npy
2025-07-31 22:59:06.477 | INFO     | src.train:load_features_from_folder:34 - Saved features to features/fake_train.npy
2025-07-31 22:59:54.941 | INFO     | src.train:load_features_from_folder:34 - Saved features to features/real_val.npy
2025-07-31 23:00:54.213 | INFO     | src.train:load_features_from_folder:34 - Saved features to features/fake_val.npy
2025-07-31 23:00:54.385 | INFO     | src.train:train_loop:66 - Epoch 1 - Training GMMs
2025-07-31 23:00:54.386 | INFO     | src.gmm_model:train:15 - Training GMM on real features...
2025-07-31 23:01:03.768 | INFO     | src.gmm_model:train:17 - Training GMM on fake features...
2025-07-31 23:01:12.485 | INFO     | src.train:train_loop:75 - Epoch 1 - Train Accuracy: 0.6546
2025-07-31 23:01:19.197 | INFO     | src.train:train_loop:80 - Training SVM...
2025-07-31 23:17:08.088 | INFO     | src.utils:init_logging:10 - Logger initialized.
2025-07-31 23:17:08.088 | INFO     | src.train:load_features_from_folder:19 - Loading cached features from features/real_train.npy
2025-07-31 23:17:08.110 | INFO     | src.train:load_features_from_folder:19 - Loading cached features from features/fake_train.npy
2025-07-31 23:17:08.136 | INFO     | src.train:load_features_from_folder:19 - Loading cached features from features/real_val.npy
2025-07-31 23:17:08.143 | INFO     | src.train:load_features_from_folder:19 - Loading cached features from features/fake_val.npy
2025-07-31 23:17:08.393 | INFO     | src.train:train_loop:66 - Epoch 1 - Training GMMs
2025-07-31 23:17:08.393 | INFO     | src.gmm_model:train:15 - Training GMM on real features...
2025-07-31 23:17:19.296 | INFO     | src.gmm_model:train:17 - Training GMM on fake features...
2025-07-31 23:17:28.094 | INFO     | src.train:train_loop:75 - Epoch 1 - Train Accuracy: 0.6525
2025-07-31 23:17:34.983 | INFO     | src.train:train_loop:80 - Training SVM...
2025-07-31 23:36:58.593 | INFO     | src.train:train_loop:84 - Evaluating on validation set...
2025-07-31 23:36:59.023 | INFO     | src.train:train_loop:102 - Epoch 1 - Val Accuracy: 0.4006
2025-07-31 23:36:59.024 | INFO     | src.train:train_loop:103 - Validation scores stats — mean: 3.0256, std: 7.6458
2025-07-31 23:36:59.044 | INFO     | src.train:train_loop:110 - Epoch 1 - Logistic Reg Val Accuracy: 0.5370 | F1: 0.5759 | AUC: 0.5403
2025-07-31 23:38:29.142 | INFO     | src.train:train_loop:116 - Epoch 1 - SVM Val Accuracy: 0.3435 | F1: 0.3711 | AUC: 0.2975
2025-07-31 23:38:29.142 | INFO     | src.train:train_loop:120 - New best model found. Saving checkpoints...
2025-07-31 23:38:29.147 | INFO     | src.gmm_model:save:23 - Saved models to checkpoints/gmm_real.pkl, checkpoints/gmm_fake.pkl
2025-07-31 23:38:29.147 | INFO     | src.train:train_loop:66 - Epoch 2 - Training GMMs
2025-07-31 23:38:29.147 | INFO     | src.gmm_model:train:15 - Training GMM on real features...
2025-07-31 23:38:40.101 | INFO     | src.gmm_model:train:17 - Training GMM on fake features...
2025-07-31 23:38:48.667 | INFO     | src.train:train_loop:75 - Epoch 2 - Train Accuracy: 0.6526
2025-07-31 23:38:55.176 | INFO     | src.train:train_loop:80 - Training SVM...
2025-07-31 23:58:54.210 | INFO     | src.train:train_loop:84 - Evaluating on validation set...
2025-07-31 23:58:54.630 | INFO     | src.train:train_loop:102 - Epoch 2 - Val Accuracy: 0.4006
2025-07-31 23:58:54.630 | INFO     | src.train:train_loop:103 - Validation scores stats — mean: 3.0255, std: 7.6456
2025-07-31 23:58:54.655 | INFO     | src.train:train_loop:110 - Epoch 2 - Logistic Reg Val Accuracy: 0.5370 | F1: 0.5759 | AUC: 0.5403
2025-08-01 00:00:24.049 | INFO     | src.train:train_loop:116 - Epoch 2 - SVM Val Accuracy: 0.3435 | F1: 0.3711 | AUC: 0.2975
2025-08-01 00:00:24.049 | INFO     | src.train:train_loop:66 - Epoch 3 - Training GMMs
2025-08-01 00:00:24.049 | INFO     | src.gmm_model:train:15 - Training GMM on real features...
2025-08-01 00:00:35.568 | INFO     | src.gmm_model:train:17 - Training GMM on fake features...
2025-08-01 00:00:44.384 | INFO     | src.train:train_loop:75 - Epoch 3 - Train Accuracy: 0.6525
2025-08-01 00:00:50.791 | INFO     | src.train:train_loop:80 - Training SVM...
2025-08-01 10:03:57.628 | INFO     | src.utils:init_logging:10 - Logger initialized.
2025-08-01 10:03:57.629 | INFO     | src.train:load_features_from_folder:19 - Loading cached features from features/real_train.npy
2025-08-01 10:03:57.651 | INFO     | src.train:load_features_from_folder:19 - Loading cached features from features/fake_train.npy
2025-08-01 10:03:57.674 | INFO     | src.train:load_features_from_folder:19 - Loading cached features from features/real_val.npy
2025-08-01 10:03:57.680 | INFO     | src.train:load_features_from_folder:19 - Loading cached features from features/fake_val.npy
2025-08-01 10:03:57.978 | INFO     | src.train:train_loop:66 - Epoch 1 - Training GMMs
2025-08-01 10:03:57.979 | INFO     | src.gmm_model:train:15 - Training GMM on real features...
2025-08-01 10:04:05.469 | INFO     | src.gmm_model:train:17 - Training GMM on fake features...
2025-08-01 10:04:16.588 | INFO     | src.train:train_loop:75 - Epoch 1 - Train Accuracy: 0.6795
2025-08-01 10:04:23.365 | INFO     | src.train:train_loop:80 - Training XGBoost (GPU)...
2025-08-01 10:04:24.019 | INFO     | src.train:train_loop:84 - Evaluating on validation set...
2025-08-01 10:04:24.480 | INFO     | src.train:train_loop:102 - Epoch 1 - Val Accuracy: 0.3720
2025-08-01 10:04:24.481 | INFO     | src.train:train_loop:103 - Validation scores stats — mean: 1.5789, std: 5.6279
2025-08-01 10:04:24.494 | INFO     | src.train:train_loop:110 - Epoch 1 - Logistic Reg Val Accuracy: 0.5370 | F1: 0.5759 | AUC: 0.5403
2025-08-01 10:04:24.591 | INFO     | src.train:train_loop:116 - Epoch 1 - XGBoost Val Accuracy: 0.2905 | F1: 0.2306 | AUC: 0.2338
2025-08-01 10:04:24.591 | INFO     | src.train:train_loop:120 - New best model found. Saving checkpoints...
2025-08-01 10:04:24.595 | INFO     | src.gmm_model:save:23 - Saved models to checkpoints/gmm_real.pkl, checkpoints/gmm_fake.pkl
2025-08-01 10:04:24.595 | INFO     | src.train:train_loop:66 - Epoch 2 - Training GMMs
2025-08-01 10:04:24.596 | INFO     | src.gmm_model:train:15 - Training GMM on real features...
2025-08-01 10:04:35.978 | INFO     | src.gmm_model:train:17 - Training GMM on fake features...
2025-08-01 10:07:18.869 | INFO     | src.utils:init_logging:10 - Logger initialized.
2025-08-01 10:07:18.870 | INFO     | src.train:load_features_from_folder:19 - Loading cached features from features/real_train.npy
2025-08-01 10:07:18.894 | INFO     | src.train:load_features_from_folder:19 - Loading cached features from features/fake_train.npy
2025-08-01 10:07:18.918 | INFO     | src.train:load_features_from_folder:19 - Loading cached features from features/real_val.npy
2025-08-01 10:07:18.924 | INFO     | src.train:load_features_from_folder:19 - Loading cached features from features/fake_val.npy
2025-08-01 10:07:19.203 | INFO     | src.train:train_loop:66 - Epoch 1 - Training GMMs
2025-08-01 10:07:19.203 | INFO     | src.gmm_model:train:15 - Training GMM on real features...
2025-08-01 10:07:27.169 | INFO     | src.gmm_model:train:17 - Training GMM on fake features...
2025-08-01 10:07:36.608 | INFO     | src.train:train_loop:75 - Epoch 1 - Train Accuracy: 0.6514
2025-08-01 10:07:42.401 | INFO     | src.train:train_loop:80 - Training XGBoost (GPU)...
2025-08-01 10:07:43.037 | INFO     | src.train:train_loop:84 - Evaluating on validation set...
2025-08-01 10:07:43.522 | INFO     | src.train:train_loop:102 - Epoch 1 - Val Accuracy: 0.4018
2025-08-01 10:07:43.522 | INFO     | src.train:train_loop:103 - Validation scores stats — mean: 2.3872, std: 7.3476
2025-08-01 10:07:43.554 | INFO     | src.train:train_loop:110 - Epoch 1 - Logistic Reg Val Accuracy: 0.5370 | F1: 0.5759 | AUC: 0.5403
2025-08-01 10:07:43.675 | INFO     | src.train:train_loop:116 - Epoch 1 - XGBoost Val Accuracy: 0.2905 | F1: 0.2306 | AUC: 0.2338
2025-08-01 10:07:43.675 | INFO     | src.train:train_loop:120 - New best model found. Saving checkpoints...
2025-08-01 10:07:43.679 | INFO     | src.gmm_model:save:23 - Saved models to checkpoints/gmm_real.pkl, checkpoints/gmm_fake.pkl
2025-08-01 10:07:43.679 | INFO     | src.train:train_loop:66 - Epoch 2 - Training GMMs
2025-08-01 10:07:43.679 | INFO     | src.gmm_model:train:15 - Training GMM on real features...
2025-08-01 10:07:54.859 | INFO     | src.gmm_model:train:17 - Training GMM on fake features...
2025-08-01 10:08:02.000 | INFO     | src.train:train_loop:75 - Epoch 2 - Train Accuracy: 0.6538
2025-08-01 10:08:08.977 | INFO     | src.train:train_loop:80 - Training XGBoost (GPU)...
2025-08-01 10:08:09.334 | INFO     | src.train:train_loop:84 - Evaluating on validation set...
2025-08-01 10:08:09.769 | INFO     | src.train:train_loop:102 - Epoch 2 - Val Accuracy: 0.3793
2025-08-01 10:08:09.769 | INFO     | src.train:train_loop:103 - Validation scores stats — mean: 2.4165, std: 6.4434
2025-08-01 10:08:09.791 | INFO     | src.train:train_loop:110 - Epoch 2 - Logistic Reg Val Accuracy: 0.5370 | F1: 0.5759 | AUC: 0.5403
2025-08-01 10:08:09.900 | INFO     | src.train:train_loop:116 - Epoch 2 - XGBoost Val Accuracy: 0.2905 | F1: 0.2306 | AUC: 0.2338
2025-08-01 10:08:09.900 | INFO     | src.train:train_loop:66 - Epoch 3 - Training GMMs
2025-08-01 10:08:09.901 | INFO     | src.gmm_model:train:15 - Training GMM on real features...
2025-08-01 10:12:30.539 | INFO     | src.utils:init_logging:10 - Logger initialized.
2025-08-01 10:12:30.539 | INFO     | src.train:load_features_from_folder:20 - Loading cached features from features/real_train.npy
2025-08-01 10:12:30.560 | INFO     | src.train:load_features_from_folder:20 - Loading cached features from features/fake_train.npy
2025-08-01 10:12:30.580 | INFO     | src.train:load_features_from_folder:20 - Loading cached features from features/real_val.npy
2025-08-01 10:12:30.585 | INFO     | src.train:load_features_from_folder:20 - Loading cached features from features/fake_val.npy
2025-08-01 10:12:30.891 | INFO     | src.train:train_loop:67 - Epoch 1 - Training GMMs
2025-08-01 10:12:30.891 | INFO     | src.gmm_model:train:15 - Training GMM on real features...
2025-08-01 10:12:41.770 | INFO     | src.gmm_model:train:17 - Training GMM on fake features...
2025-08-01 10:12:53.165 | INFO     | src.train:train_loop:76 - Epoch 1 - Train Accuracy: 0.6754
2025-08-01 10:13:00.700 | INFO     | src.train:train_loop:81 - Training XGBoost (GPU)...
2025-08-01 10:13:01.289 | INFO     | src.train:train_loop:85 - Evaluating on validation set...
2025-08-01 10:13:01.768 | INFO     | src.train:train_loop:103 - Epoch 1 - Val Accuracy: 0.3603
2025-08-01 10:13:01.768 | INFO     | src.train:train_loop:104 - Validation scores stats — mean: 2.0559, std: 6.1972
2025-08-01 10:13:01.801 | INFO     | src.train:train_loop:111 - Epoch 1 - Logistic Reg Val Accuracy: 0.5370 | F1: 0.5759 | AUC: 0.5403
2025-08-01 10:16:06.023 | INFO     | src.utils:init_logging:10 - Logger initialized.
2025-08-01 10:16:06.023 | INFO     | src.train:load_features_from_folder:20 - Loading cached features from features/real_train.npy
2025-08-01 10:16:06.047 | INFO     | src.train:load_features_from_folder:20 - Loading cached features from features/fake_train.npy
2025-08-01 10:16:06.071 | INFO     | src.train:load_features_from_folder:20 - Loading cached features from features/real_val.npy
2025-08-01 10:16:06.077 | INFO     | src.train:load_features_from_folder:20 - Loading cached features from features/fake_val.npy
2025-08-01 10:16:06.385 | INFO     | src.train:train_loop:67 - Epoch 1 - Training GMMs
2025-08-01 10:16:06.386 | INFO     | src.gmm_model:train:15 - Training GMM on real features...
2025-08-01 10:16:17.368 | INFO     | src.gmm_model:train:17 - Training GMM on fake features...
2025-08-01 10:16:26.300 | INFO     | src.train:train_loop:76 - Epoch 1 - Train Accuracy: 0.6525
2025-08-01 10:16:32.676 | INFO     | src.train:train_loop:81 - Training XGBoost (GPU)...
2025-08-01 10:16:33.360 | INFO     | src.train:train_loop:85 - Evaluating on validation set...
2025-08-01 10:16:33.834 | INFO     | src.train:train_loop:103 - Epoch 1 - Val Accuracy: 0.4006
2025-08-01 10:16:33.835 | INFO     | src.train:train_loop:104 - Validation scores stats — mean: 3.0255, std: 7.6452
2025-08-01 10:16:33.864 | INFO     | src.train:train_loop:111 - Epoch 1 - Logistic Reg Val Accuracy: 0.5370 | F1: 0.5759 | AUC: 0.5403
2025-08-01 10:19:28.479 | INFO     | src.utils:init_logging:10 - Logger initialized.
2025-08-01 10:19:28.479 | INFO     | src.train:load_features_from_folder:20 - Loading cached features from features/real_train.npy
2025-08-01 10:19:28.503 | INFO     | src.train:load_features_from_folder:20 - Loading cached features from features/fake_train.npy
2025-08-01 10:19:28.527 | INFO     | src.train:load_features_from_folder:20 - Loading cached features from features/real_val.npy
2025-08-01 10:19:28.533 | INFO     | src.train:load_features_from_folder:20 - Loading cached features from features/fake_val.npy
2025-08-01 10:19:28.862 | INFO     | src.train:train_loop:67 - Epoch 1 - Training GMMs
2025-08-01 10:19:28.863 | INFO     | src.gmm_model:train:15 - Training GMM on real features...
2025-08-01 10:19:39.809 | INFO     | src.gmm_model:train:17 - Training GMM on fake features...
2025-08-01 10:19:49.885 | INFO     | src.train:train_loop:76 - Epoch 1 - Train Accuracy: 0.6814
2025-08-01 10:19:55.485 | INFO     | src.train:train_loop:81 - Training XGBoost (GPU)...
2025-08-01 10:19:56.134 | INFO     | src.train:train_loop:85 - Evaluating on validation set...
2025-08-01 10:19:56.584 | INFO     | src.train:train_loop:103 - Epoch 1 - Val Accuracy: 0.3477
2025-08-01 10:19:56.585 | INFO     | src.train:train_loop:104 - Validation scores stats — mean: 2.1752, std: 5.9832
2025-08-01 10:19:56.607 | INFO     | src.train:train_loop:111 - Epoch 1 - Logistic Reg Val Accuracy: 0.5370 | F1: 0.5759 | AUC: 0.5403
2025-08-01 10:19:56.680 | INFO     | src.train:train_loop:117 - Epoch 1 - XGBoost Val Accuracy: 0.2905 | F1: 0.2306 | AUC: 0.2338
2025-08-01 10:19:56.680 | INFO     | src.train:train_loop:121 - New best model found. Saving checkpoints...
2025-08-01 10:19:56.689 | INFO     | src.gmm_model:save:23 - Saved models to checkpoints/gmm_real.pkl, checkpoints/gmm_fake.pkl
2025-08-01 10:19:56.689 | INFO     | src.train:train_loop:67 - Epoch 2 - Training GMMs
2025-08-01 10:19:56.689 | INFO     | src.gmm_model:train:15 - Training GMM on real features...
2025-08-01 10:20:07.967 | INFO     | src.gmm_model:train:17 - Training GMM on fake features...
2025-08-01 10:20:16.700 | INFO     | src.train:train_loop:76 - Epoch 2 - Train Accuracy: 0.6525
2025-08-01 10:20:22.397 | INFO     | src.train:train_loop:81 - Training XGBoost (GPU)...
2025-08-01 10:20:22.784 | INFO     | src.train:train_loop:85 - Evaluating on validation set...
2025-08-01 10:20:23.221 | INFO     | src.train:train_loop:103 - Epoch 2 - Val Accuracy: 0.4006
2025-08-01 10:20:23.222 | INFO     | src.train:train_loop:104 - Validation scores stats — mean: 3.0255, std: 7.6452
2025-08-01 10:20:23.244 | INFO     | src.train:train_loop:111 - Epoch 2 - Logistic Reg Val Accuracy: 0.5370 | F1: 0.5759 | AUC: 0.5403
2025-08-01 10:20:23.372 | INFO     | src.train:train_loop:117 - Epoch 2 - XGBoost Val Accuracy: 0.2905 | F1: 0.2306 | AUC: 0.2338
2025-08-01 10:20:23.372 | INFO     | src.train:train_loop:121 - New best model found. Saving checkpoints...
2025-08-01 10:20:23.376 | INFO     | src.gmm_model:save:23 - Saved models to checkpoints/gmm_real.pkl, checkpoints/gmm_fake.pkl
2025-08-01 10:20:23.376 | INFO     | src.train:train_loop:67 - Epoch 3 - Training GMMs
2025-08-01 10:20:23.376 | INFO     | src.gmm_model:train:15 - Training GMM on real features...
2025-08-01 10:20:34.471 | INFO     | src.gmm_model:train:17 - Training GMM on fake features...
2025-08-01 10:20:43.377 | INFO     | src.train:train_loop:76 - Epoch 3 - Train Accuracy: 0.6525
2025-08-01 10:20:49.467 | INFO     | src.train:train_loop:81 - Training XGBoost (GPU)...
2025-08-01 10:20:49.827 | INFO     | src.train:train_loop:85 - Evaluating on validation set...
2025-08-01 10:20:50.249 | INFO     | src.train:train_loop:103 - Epoch 3 - Val Accuracy: 0.4007
2025-08-01 10:20:50.250 | INFO     | src.train:train_loop:104 - Validation scores stats — mean: 3.0256, std: 7.6454
2025-08-01 10:20:50.272 | INFO     | src.train:train_loop:111 - Epoch 3 - Logistic Reg Val Accuracy: 0.5370 | F1: 0.5759 | AUC: 0.5403
2025-08-01 10:20:50.383 | INFO     | src.train:train_loop:117 - Epoch 3 - XGBoost Val Accuracy: 0.2905 | F1: 0.2306 | AUC: 0.2338
2025-08-01 10:20:50.383 | INFO     | src.train:train_loop:121 - New best model found. Saving checkpoints...
2025-08-01 10:20:50.387 | INFO     | src.gmm_model:save:23 - Saved models to checkpoints/gmm_real.pkl, checkpoints/gmm_fake.pkl
2025-08-01 10:20:50.387 | INFO     | src.train:train_loop:67 - Epoch 4 - Training GMMs
2025-08-01 10:20:50.387 | INFO     | src.gmm_model:train:15 - Training GMM on real features...
2025-08-01 10:21:01.970 | INFO     | src.gmm_model:train:17 - Training GMM on fake features...
2025-08-01 10:21:10.897 | INFO     | src.train:train_loop:76 - Epoch 4 - Train Accuracy: 0.6524
2025-08-01 10:21:16.177 | INFO     | src.train:train_loop:81 - Training XGBoost (GPU)...
2025-08-01 10:21:16.501 | INFO     | src.train:train_loop:85 - Evaluating on validation set...
2025-08-01 10:21:16.925 | INFO     | src.train:train_loop:103 - Epoch 4 - Val Accuracy: 0.4006
2025-08-01 10:21:16.926 | INFO     | src.train:train_loop:104 - Validation scores stats — mean: 3.0251, std: 7.6437
2025-08-01 10:21:16.948 | INFO     | src.train:train_loop:111 - Epoch 4 - Logistic Reg Val Accuracy: 0.5370 | F1: 0.5759 | AUC: 0.5403
2025-08-01 10:21:16.987 | INFO     | src.train:train_loop:117 - Epoch 4 - XGBoost Val Accuracy: 0.2905 | F1: 0.2306 | AUC: 0.2338
2025-08-01 10:21:16.988 | INFO     | src.train:train_loop:67 - Epoch 5 - Training GMMs
2025-08-01 10:21:16.988 | INFO     | src.gmm_model:train:15 - Training GMM on real features...
2025-08-01 10:23:32.657 | INFO     | src.utils:init_logging:10 - Logger initialized.
2025-08-01 10:23:32.658 | INFO     | src.train:load_features_from_folder:20 - Loading cached features from features/real_train.npy
2025-08-01 10:23:32.681 | INFO     | src.train:load_features_from_folder:20 - Loading cached features from features/fake_train.npy
2025-08-01 10:23:32.705 | INFO     | src.train:load_features_from_folder:20 - Loading cached features from features/real_val.npy
2025-08-01 10:23:32.711 | INFO     | src.train:load_features_from_folder:20 - Loading cached features from features/fake_val.npy
2025-08-01 10:23:33.101 | INFO     | src.train:train_loop:68 - Epoch 1 - Training GMMs
2025-08-01 10:23:33.101 | INFO     | src.gmm_model:train:15 - Training GMM on real features...
2025-08-01 10:23:54.078 | INFO     | src.gmm_model:train:17 - Training GMM on fake features...
2025-08-01 10:24:21.129 | INFO     | src.train:train_loop:77 - Epoch 1 - Train Accuracy: 0.7139
2025-08-01 10:24:39.762 | INFO     | src.train:train_loop:82 - Training XGBoost (GPU)...
2025-08-01 10:24:40.602 | INFO     | src.train:train_loop:99 - Evaluating on validation set...
2025-08-01 10:24:41.158 | INFO     | src.train:train_loop:117 - Epoch 1 - Val Accuracy: 0.3483
2025-08-01 10:24:41.158 | INFO     | src.train:train_loop:118 - Validation scores stats — mean: 8.0924, std: 18.3032
2025-08-01 10:24:41.183 | INFO     | src.train:train_loop:125 - Epoch 1 - Logistic Reg Val Accuracy: 0.5084 | F1: 0.5493 | AUC: 0.5256
2025-08-01 10:24:41.304 | INFO     | src.train:train_loop:131 - Epoch 1 - XGBoost Val Accuracy: 0.3534 | F1: 0.3310 | AUC: 0.3080
2025-08-01 10:24:41.304 | INFO     | src.train:train_loop:135 - New best model found. Saving checkpoints...
2025-08-01 10:24:41.309 | INFO     | src.gmm_model:save:23 - Saved models to checkpoints/gmm_real.pkl, checkpoints/gmm_fake.pkl
2025-08-01 10:24:41.309 | INFO     | src.train:train_loop:68 - Epoch 2 - Training GMMs
2025-08-01 10:24:41.309 | INFO     | src.gmm_model:train:15 - Training GMM on real features...
2025-08-01 10:25:00.505 | INFO     | src.gmm_model:train:17 - Training GMM on fake features...
2025-08-01 10:25:37.926 | INFO     | src.train:train_loop:77 - Epoch 2 - Train Accuracy: 0.7290
2025-08-01 10:25:55.783 | INFO     | src.train:train_loop:82 - Training XGBoost (GPU)...
2025-08-01 10:25:56.261 | INFO     | src.train:train_loop:99 - Evaluating on validation set...
2025-08-01 10:25:56.786 | INFO     | src.train:train_loop:117 - Epoch 2 - Val Accuracy: 0.2822
2025-08-01 10:25:56.787 | INFO     | src.train:train_loop:118 - Validation scores stats — mean: 5.4073, std: 14.3120
2025-08-01 10:25:56.814 | INFO     | src.train:train_loop:125 - Epoch 2 - Logistic Reg Val Accuracy: 0.5084 | F1: 0.5493 | AUC: 0.5256
2025-08-01 10:25:56.977 | INFO     | src.train:train_loop:131 - Epoch 2 - XGBoost Val Accuracy: 0.3534 | F1: 0.3310 | AUC: 0.3080
2025-08-01 10:25:56.977 | INFO     | src.train:train_loop:68 - Epoch 3 - Training GMMs
2025-08-01 10:25:56.977 | INFO     | src.gmm_model:train:15 - Training GMM on real features...
2025-08-01 10:26:15.808 | INFO     | src.gmm_model:train:17 - Training GMM on fake features...
2025-08-01 10:26:42.057 | INFO     | src.train:train_loop:77 - Epoch 3 - Train Accuracy: 0.7138
2025-08-01 10:27:01.387 | INFO     | src.train:train_loop:82 - Training XGBoost (GPU)...
2025-08-01 10:27:01.880 | INFO     | src.train:train_loop:99 - Evaluating on validation set...
2025-08-01 10:27:02.441 | INFO     | src.train:train_loop:117 - Epoch 3 - Val Accuracy: 0.3482
2025-08-01 10:27:02.441 | INFO     | src.train:train_loop:118 - Validation scores stats — mean: 8.0909, std: 18.3022
2025-08-01 10:27:02.492 | INFO     | src.train:train_loop:125 - Epoch 3 - Logistic Reg Val Accuracy: 0.5084 | F1: 0.5493 | AUC: 0.5256
2025-08-01 10:27:02.604 | INFO     | src.train:train_loop:131 - Epoch 3 - XGBoost Val Accuracy: 0.3534 | F1: 0.3310 | AUC: 0.3080
2025-08-01 10:27:02.604 | INFO     | src.train:train_loop:68 - Epoch 4 - Training GMMs
2025-08-01 10:27:02.604 | INFO     | src.gmm_model:train:15 - Training GMM on real features...
2025-08-01 10:27:27.510 | INFO     | src.utils:init_logging:10 - Logger initialized.
2025-08-01 10:27:27.510 | INFO     | src.train:load_features_from_folder:20 - Loading cached features from features/real_train.npy
2025-08-01 10:27:27.550 | INFO     | src.train:load_features_from_folder:20 - Loading cached features from features/fake_train.npy
2025-08-01 10:27:27.578 | INFO     | src.train:load_features_from_folder:20 - Loading cached features from features/real_val.npy
2025-08-01 10:27:27.585 | INFO     | src.train:load_features_from_folder:20 - Loading cached features from features/fake_val.npy
2025-08-01 10:27:42.237 | INFO     | src.utils:init_logging:10 - Logger initialized.
2025-08-01 10:27:42.237 | INFO     | src.train:load_features_from_folder:20 - Loading cached features from features/real_train.npy
2025-08-01 10:27:42.269 | INFO     | src.train:load_features_from_folder:20 - Loading cached features from features/fake_train.npy
2025-08-01 10:27:42.299 | INFO     | src.train:load_features_from_folder:20 - Loading cached features from features/real_val.npy
2025-08-01 10:27:42.306 | INFO     | src.train:load_features_from_folder:20 - Loading cached features from features/fake_val.npy
2025-08-01 10:28:06.716 | INFO     | src.utils:init_logging:10 - Logger initialized.
2025-08-01 10:28:06.716 | INFO     | src.train:load_features_from_folder:20 - Loading cached features from features/real_train.npy
2025-08-01 10:28:06.748 | INFO     | src.train:load_features_from_folder:20 - Loading cached features from features/fake_train.npy
2025-08-01 10:28:06.778 | INFO     | src.train:load_features_from_folder:20 - Loading cached features from features/real_val.npy
2025-08-01 10:28:06.786 | INFO     | src.train:load_features_from_folder:20 - Loading cached features from features/fake_val.npy
2025-08-01 10:28:34.815 | INFO     | src.utils:init_logging:10 - Logger initialized.
2025-08-01 10:28:34.815 | INFO     | src.train:load_features_from_folder:20 - Loading cached features from features/real_train.npy
2025-08-01 10:28:34.844 | INFO     | src.train:load_features_from_folder:20 - Loading cached features from features/fake_train.npy
2025-08-01 10:28:34.871 | INFO     | src.train:load_features_from_folder:20 - Loading cached features from features/real_val.npy
2025-08-01 10:28:34.878 | INFO     | src.train:load_features_from_folder:20 - Loading cached features from features/fake_val.npy
2025-08-01 10:28:35.303 | INFO     | src.train:train_loop:68 - Epoch 1 - Training GMMs
2025-08-01 10:28:35.304 | INFO     | src.gmm_model:train:15 - Training GMM on real features...
2025-08-01 10:29:05.674 | INFO     | src.gmm_model:train:17 - Training GMM on fake features...
2025-08-01 10:29:29.156 | INFO     | src.train:train_loop:77 - Epoch 1 - Train Accuracy: 0.7263
2025-08-01 10:30:30.290 | INFO     | src.train:train_loop:82 - Training XGBoost (GPU)...
2025-08-01 10:30:31.261 | INFO     | src.train:train_loop:99 - Evaluating on validation set...
2025-08-01 10:30:31.962 | INFO     | src.train:train_loop:117 - Epoch 1 - Val Accuracy: 0.3394
2025-08-01 10:30:31.963 | INFO     | src.train:train_loop:118 - Validation scores stats — mean: 11.6634, std: 25.0877
2025-08-01 10:30:31.988 | INFO     | src.train:train_loop:125 - Epoch 1 - Logistic Reg Val Accuracy: 0.5098 | F1: 0.5459 | AUC: 0.5342
2025-08-01 10:30:32.123 | INFO     | src.train:train_loop:131 - Epoch 1 - XGBoost Val Accuracy: 0.3526 | F1: 0.3242 | AUC: 0.3125
2025-08-01 10:30:32.124 | INFO     | src.train:train_loop:135 - New best model found. Saving checkpoints...
2025-08-01 10:30:32.130 | INFO     | src.gmm_model:save:23 - Saved models to checkpoints/gmm_real.pkl, checkpoints/gmm_fake.pkl
2025-08-01 10:30:32.130 | INFO     | src.train:train_loop:68 - Epoch 2 - Training GMMs
2025-08-01 10:30:32.130 | INFO     | src.gmm_model:train:15 - Training GMM on real features...
2025-08-01 10:31:10.616 | INFO     | src.utils:init_logging:10 - Logger initialized.
2025-08-01 10:31:10.616 | INFO     | src.train:load_features_from_folder:20 - Loading cached features from features/real_train.npy
2025-08-01 10:31:10.657 | INFO     | src.train:load_features_from_folder:20 - Loading cached features from features/fake_train.npy
2025-08-01 10:31:10.695 | INFO     | src.train:load_features_from_folder:20 - Loading cached features from features/real_val.npy
2025-08-01 10:31:10.703 | INFO     | src.train:load_features_from_folder:20 - Loading cached features from features/fake_val.npy
2025-08-01 10:31:11.184 | INFO     | src.train:train_loop:68 - Epoch 1 - Training GMMs
2025-08-01 10:31:11.185 | INFO     | src.gmm_model:train:15 - Training GMM on real features...
2025-08-01 10:31:40.992 | INFO     | src.gmm_model:train:17 - Training GMM on fake features...
2025-08-01 10:32:46.061 | INFO     | src.train:train_loop:77 - Epoch 1 - Train Accuracy: 0.7396
2025-08-01 10:36:45.993 | INFO     | src.train:train_loop:82 - Training XGBoost (GPU)...
2025-08-01 10:36:46.787 | INFO     | src.train:train_loop:99 - Evaluating on validation set...
2025-08-01 10:36:47.445 | INFO     | src.train:train_loop:117 - Epoch 1 - Val Accuracy: 0.2666
2025-08-01 10:36:47.446 | INFO     | src.train:train_loop:118 - Validation scores stats — mean: 7.3916, std: 18.5229
2025-08-01 10:36:47.471 | INFO     | src.train:train_loop:125 - Epoch 1 - Logistic Reg Val Accuracy: 0.5103 | F1: 0.5441 | AUC: 0.5328
2025-08-01 10:36:47.600 | INFO     | src.train:train_loop:131 - Epoch 1 - XGBoost Val Accuracy: 0.3526 | F1: 0.3242 | AUC: 0.3125
2025-08-01 10:36:47.601 | INFO     | src.train:train_loop:135 - New best model found. Saving checkpoints...
2025-08-01 10:36:47.608 | INFO     | src.gmm_model:save:23 - Saved models to checkpoints/gmm_real.pkl, checkpoints/gmm_fake.pkl
2025-08-01 10:36:47.608 | INFO     | src.train:train_loop:68 - Epoch 2 - Training GMMs
2025-08-01 10:36:47.608 | INFO     | src.gmm_model:train:15 - Training GMM on real features...
2025-08-01 10:43:01.913 | INFO     | src.utils:init_logging:10 - Logger initialized.
2025-08-01 10:46:50.791 | INFO     | src.train:load_features_from_folder:35 - Saved features to features/real_train.npy
2025-08-01 10:50:27.500 | INFO     | src.train:load_features_from_folder:35 - Saved features to features/fake_train.npy
2025-08-01 10:51:16.019 | INFO     | src.train:load_features_from_folder:35 - Saved features to features/real_val.npy
2025-08-01 10:52:14.620 | INFO     | src.train:load_features_from_folder:35 - Saved features to features/fake_val.npy
2025-08-01 10:52:14.621 | INFO     | src.train:train_loop:55 - Original feature dimension: 124
2025-08-01 10:52:14.621 | INFO     | src.train:train_loop:61 - Epoch 1 - Training GMMs
2025-08-01 10:52:14.621 | INFO     | src.gmm_model:train:15 - Training GMM on real features...
2025-08-01 10:52:46.808 | INFO     | src.gmm_model:train:17 - Training GMM on fake features...
2025-08-01 10:53:53.462 | INFO     | src.train:train_loop:70 - Epoch 1 - Train Accuracy: 0.7396
2025-08-01 11:03:25.721 | INFO     | src.utils:init_logging:10 - Logger initialized.
2025-08-01 11:03:25.722 | INFO     | src.train:load_features_from_folder:20 - Loading cached features from features/real_train.npy
2025-08-01 11:03:25.739 | INFO     | src.train:load_features_from_folder:20 - Loading cached features from features/fake_train.npy
2025-08-01 11:03:25.756 | INFO     | src.train:load_features_from_folder:20 - Loading cached features from features/real_val.npy
2025-08-01 11:03:25.760 | INFO     | src.train:load_features_from_folder:20 - Loading cached features from features/fake_val.npy
2025-08-01 11:03:25.765 | INFO     | src.train:train_loop:55 - Original feature dimension: 124
2025-08-01 11:03:25.766 | INFO     | src.train:train_loop:61 - Epoch 1 - Training GMMs
2025-08-01 11:03:25.766 | INFO     | src.gmm_model:train:15 - Training GMM on real features...
2025-08-01 11:03:59.172 | INFO     | src.gmm_model:train:17 - Training GMM on fake features...
2025-08-01 11:04:25.855 | INFO     | src.train:train_loop:70 - Epoch 1 - Train Accuracy: 0.7263
2025-08-01 11:06:52.549 | INFO     | src.utils:init_logging:10 - Logger initialized.
2025-08-01 11:09:11.899 | INFO     | src.utils:init_logging:10 - Logger initialized.
2025-08-01 11:09:33.124 | INFO     | src.utils:init_logging:10 - Logger initialized.
2025-08-01 11:17:34.354 | INFO     | src.train:load_features_from_folder:35 - Saved features to features/real_train.npy
2025-08-01 11:25:22.668 | INFO     | src.train:load_features_from_folder:35 - Saved features to features/fake_train.npy
2025-08-01 11:27:07.388 | INFO     | src.train:load_features_from_folder:35 - Saved features to features/real_val.npy
2025-08-01 11:29:13.517 | INFO     | src.train:load_features_from_folder:35 - Saved features to features/fake_val.npy
2025-08-01 11:29:13.518 | INFO     | src.train:train_loop:55 - Original feature dimension: 131
2025-08-01 11:29:13.519 | INFO     | src.train:train_loop:61 - Epoch 1 - Training GMMs
2025-08-01 11:29:13.519 | INFO     | src.gmm_model:train:15 - Training GMM on real features...
2025-08-01 11:29:53.069 | INFO     | src.gmm_model:train:17 - Training GMM on fake features...
2025-08-01 11:30:41.668 | INFO     | src.train:train_loop:70 - Epoch 1 - Train Accuracy: 0.7397
2025-08-01 11:41:38.861 | INFO     | src.train:train_loop:75 - Training XGBoost (GPU)...
2025-08-01 11:41:38.862 | INFO     | src.train:train_loop:92 - Evaluating on validation set...
2025-08-01 11:41:39.677 | INFO     | src.train:train_loop:110 - Epoch 1 - Val Accuracy: 0.2842
2025-08-01 11:41:39.678 | INFO     | src.train:train_loop:111 - Validation scores stats — mean: 8.2724, std: 20.6928
2025-08-01 11:41:39.705 | INFO     | src.train:train_loop:118 - Epoch 1 - Logistic Reg Val Accuracy: 0.5101 | F1: 0.5469 | AUC: 0.5315
2025-08-01 11:41:39.705 | INFO     | src.train:train_loop:128 - New best model found. Saving checkpoints...
2025-08-01 11:41:39.718 | INFO     | src.gmm_model:save:23 - Saved models to checkpoints/gmm_real.pkl, checkpoints/gmm_fake.pkl
2025-08-01 11:41:39.719 | INFO     | src.train:train_loop:61 - Epoch 2 - Training GMMs
2025-08-01 11:41:39.719 | INFO     | src.gmm_model:train:15 - Training GMM on real features...
2025-08-01 11:42:14.998 | INFO     | src.gmm_model:train:17 - Training GMM on fake features...
2025-08-01 11:43:10.466 | INFO     | src.train:train_loop:70 - Epoch 2 - Train Accuracy: 0.7474
2025-08-01 11:49:46.395 | INFO     | src.utils:init_logging:10 - Logger initialized.
2025-08-01 11:49:46.395 | INFO     | src.train:load_features_from_folder:20 - Loading cached features from features/real_train.npy
2025-08-01 11:49:46.426 | INFO     | src.train:load_features_from_folder:20 - Loading cached features from features/fake_train.npy
2025-08-01 11:49:46.465 | INFO     | src.train:load_features_from_folder:20 - Loading cached features from features/real_val.npy
2025-08-01 11:49:46.473 | INFO     | src.train:load_features_from_folder:20 - Loading cached features from features/fake_val.npy
2025-08-01 11:49:46.481 | INFO     | src.train:train_loop:55 - Original feature dimension: 131
2025-08-01 11:49:46.482 | INFO     | src.train:train_loop:61 - Epoch 1 - Training GMMs
2025-08-01 11:49:46.482 | INFO     | src.gmm_model:train:15 - Training GMM on real features...
2025-08-01 11:50:05.407 | INFO     | src.utils:init_logging:10 - Logger initialized.
2025-08-01 12:10:35.967 | INFO     | src.train:load_features_from_folder:35 - Saved features to features/real_train.npy
2025-08-01 12:30:17.075 | INFO     | src.train:load_features_from_folder:35 - Saved features to features/fake_train.npy
2025-08-01 12:34:38.610 | INFO     | src.train:load_features_from_folder:35 - Saved features to features/real_val.npy
2025-08-01 12:39:56.496 | INFO     | src.train:load_features_from_folder:35 - Saved features to features/fake_val.npy
2025-08-01 12:39:56.497 | INFO     | src.train:train_loop:55 - Original feature dimension: 190
2025-08-01 12:39:56.497 | INFO     | src.train:train_loop:61 - Epoch 1 - Training GMMs
2025-08-01 12:39:56.498 | INFO     | src.gmm_model:train:15 - Training GMM on real features...
2025-08-01 12:40:42.962 | INFO     | src.gmm_model:train:17 - Training GMM on fake features...
2025-08-01 12:41:11.320 | INFO     | src.train:train_loop:70 - Epoch 1 - Train Accuracy: 0.7506
2025-08-01 12:54:17.978 | INFO     | src.train:train_loop:75 - Evaluating on validation set...
2025-08-01 12:54:19.392 | INFO     | src.train:train_loop:103 - Epoch 1 - Val Accuracy: 0.3080
2025-08-01 12:54:19.392 | INFO     | src.train:train_loop:104 - Validation scores stats — mean: 18.2774, std: 37.9078
2025-08-01 12:54:19.421 | INFO     | src.train:train_loop:111 - Epoch 1 - Logistic Reg Val Accuracy: 0.5079 | F1: 0.5428 | AUC: 0.5238
2025-08-01 12:54:19.421 | INFO     | src.train:train_loop:115 - New best model found. Saving checkpoints...
2025-08-01 12:54:19.436 | INFO     | src.gmm_model:save:23 - Saved models to checkpoints/gmm_real.pkl, checkpoints/gmm_fake.pkl
2025-08-01 12:54:19.436 | INFO     | src.train:train_loop:61 - Epoch 2 - Training GMMs
2025-08-01 12:54:19.437 | INFO     | src.gmm_model:train:15 - Training GMM on real features...
2025-08-01 12:55:04.475 | INFO     | src.gmm_model:train:17 - Training GMM on fake features...
2025-08-01 12:56:06.867 | INFO     | src.train:train_loop:70 - Epoch 2 - Train Accuracy: 0.7588
2025-08-01 13:09:39.197 | INFO     | src.train:train_loop:75 - Evaluating on validation set...
2025-08-01 13:09:40.520 | INFO     | src.train:train_loop:103 - Epoch 2 - Val Accuracy: 0.2607
2025-08-01 13:09:40.520 | INFO     | src.train:train_loop:104 - Validation scores stats — mean: 12.0185, std: 28.6437
2025-08-01 13:09:40.549 | INFO     | src.train:train_loop:111 - Epoch 2 - Logistic Reg Val Accuracy: 0.5079 | F1: 0.5428 | AUC: 0.5238
2025-08-01 13:09:40.550 | INFO     | src.train:train_loop:61 - Epoch 3 - Training GMMs
2025-08-01 13:09:40.550 | INFO     | src.gmm_model:train:15 - Training GMM on real features...
2025-08-01 13:10:25.176 | INFO     | src.gmm_model:train:17 - Training GMM on fake features...
2025-08-01 13:10:53.769 | INFO     | src.train:train_loop:70 - Epoch 3 - Train Accuracy: 0.7510
2025-08-01 13:24:52.496 | INFO     | src.train:train_loop:75 - Evaluating on validation set...
2025-08-01 13:24:53.827 | INFO     | src.train:train_loop:103 - Epoch 3 - Val Accuracy: 0.3083
2025-08-01 13:24:53.827 | INFO     | src.train:train_loop:104 - Validation scores stats — mean: 18.2854, std: 37.8740
2025-08-01 13:24:53.853 | INFO     | src.train:train_loop:111 - Epoch 3 - Logistic Reg Val Accuracy: 0.5079 | F1: 0.5428 | AUC: 0.5238
2025-08-01 13:24:53.854 | INFO     | src.train:train_loop:115 - New best model found. Saving checkpoints...
2025-08-01 13:24:53.870 | INFO     | src.gmm_model:save:23 - Saved models to checkpoints/gmm_real.pkl, checkpoints/gmm_fake.pkl
2025-08-01 13:24:53.870 | INFO     | src.train:train_loop:61 - Epoch 4 - Training GMMs
2025-08-01 13:24:53.870 | INFO     | src.gmm_model:train:15 - Training GMM on real features...
2025-08-01 13:25:39.688 | INFO     | src.gmm_model:train:17 - Training GMM on fake features...
2025-08-01 13:26:54.169 | INFO     | src.train:train_loop:70 - Epoch 4 - Train Accuracy: 0.7584
2025-08-01 13:40:42.787 | INFO     | src.train:train_loop:75 - Evaluating on validation set...
2025-08-01 13:40:44.031 | INFO     | src.train:train_loop:103 - Epoch 4 - Val Accuracy: 0.2504
2025-08-01 13:40:44.031 | INFO     | src.train:train_loop:104 - Validation scores stats — mean: 12.0475, std: 29.1219
2025-08-01 13:40:44.058 | INFO     | src.train:train_loop:111 - Epoch 4 - Logistic Reg Val Accuracy: 0.5079 | F1: 0.5428 | AUC: 0.5238
2025-08-01 13:40:44.058 | INFO     | src.train:train_loop:61 - Epoch 5 - Training GMMs
2025-08-01 13:40:44.059 | INFO     | src.gmm_model:train:15 - Training GMM on real features...
2025-08-01 13:41:29.870 | INFO     | src.gmm_model:train:17 - Training GMM on fake features...
2025-08-01 13:42:14.075 | INFO     | src.train:train_loop:70 - Epoch 5 - Train Accuracy: 0.7613
2025-08-01 13:56:31.793 | INFO     | src.train:train_loop:75 - Evaluating on validation set...
2025-08-01 13:56:33.021 | INFO     | src.train:train_loop:103 - Epoch 5 - Val Accuracy: 0.2491
2025-08-01 13:56:33.022 | INFO     | src.train:train_loop:104 - Validation scores stats — mean: 11.9575, std: 28.9751
2025-08-01 13:56:33.048 | INFO     | src.train:train_loop:111 - Epoch 5 - Logistic Reg Val Accuracy: 0.5079 | F1: 0.5428 | AUC: 0.5238
2025-08-01 13:56:33.048 | INFO     | src.train:train_loop:61 - Epoch 6 - Training GMMs
2025-08-01 13:56:33.048 | INFO     | src.gmm_model:train:15 - Training GMM on real features...
2025-08-01 13:57:19.170 | INFO     | src.gmm_model:train:17 - Training GMM on fake features...
2025-08-01 13:58:24.373 | INFO     | src.train:train_loop:70 - Epoch 6 - Train Accuracy: 0.7588
2025-08-01 14:12:02.477 | INFO     | src.train:train_loop:75 - Evaluating on validation set...
2025-08-01 14:12:03.822 | INFO     | src.train:train_loop:103 - Epoch 6 - Val Accuracy: 0.2607
2025-08-01 14:12:03.822 | INFO     | src.train:train_loop:104 - Validation scores stats — mean: 12.0184, std: 28.6435
2025-08-01 14:12:03.847 | INFO     | src.train:train_loop:111 - Epoch 6 - Logistic Reg Val Accuracy: 0.5079 | F1: 0.5428 | AUC: 0.5238
2025-08-01 14:12:03.848 | INFO     | src.train:train_loop:61 - Epoch 7 - Training GMMs
2025-08-01 14:12:03.848 | INFO     | src.gmm_model:train:15 - Training GMM on real features...
2025-08-01 14:12:51.090 | INFO     | src.gmm_model:train:17 - Training GMM on fake features...
2025-08-01 14:13:42.842 | INFO     | src.train:train_loop:70 - Epoch 7 - Train Accuracy: 0.7614
2025-08-01 14:27:03.239 | INFO     | src.utils:init_logging:10 - Logger initialized.
2025-08-01 14:47:31.726 | INFO     | src.train:load_features_from_folder:36 - Saved features to features/real_train.npy
2025-08-01 15:07:16.924 | INFO     | src.train:load_features_from_folder:36 - Saved features to features/fake_train.npy
2025-08-01 15:11:40.172 | INFO     | src.train:load_features_from_folder:36 - Saved features to features/real_val.npy
2025-08-01 15:16:59.835 | INFO     | src.train:load_features_from_folder:36 - Saved features to features/fake_val.npy
2025-08-01 15:16:59.836 | INFO     | src.train:train_loop:56 - Original feature dimension: 190
2025-08-01 15:16:59.836 | INFO     | src.train:train_loop:62 - Epoch 1 - Training GMMs
2025-08-01 15:16:59.837 | INFO     | src.gmm_model:train:15 - Training GMM on real features...
2025-08-01 15:17:45.962 | INFO     | src.gmm_model:train:17 - Training GMM on fake features...
2025-08-01 15:18:13.462 | INFO     | src.train:train_loop:71 - Epoch 1 - Train Accuracy: 0.7506
2025-08-01 15:18:17.468 | INFO     | src.train:train_loop:77 - Evaluating on validation set...
2025-08-01 15:18:18.691 | INFO     | src.train:train_loop:105 - Epoch 1 - Val Accuracy: 0.3080
2025-08-01 15:18:18.691 | INFO     | src.train:train_loop:106 - Validation scores stats — mean: 18.2772, std: 37.9077
2025-08-01 15:18:18.794 | INFO     | src.train:train_loop:113 - Epoch 1 - Logistic Reg Val Accuracy: 0.3766 | F1: 0.3867 | AUC: 0.3256
2025-08-01 15:18:18.794 | INFO     | src.train:train_loop:117 - New best model found. Saving checkpoints...
2025-08-01 15:18:18.806 | INFO     | src.gmm_model:save:23 - Saved models to checkpoints/gmm_real.pkl, checkpoints/gmm_fake.pkl
2025-08-01 15:18:18.806 | INFO     | src.train:train_loop:62 - Epoch 2 - Training GMMs
2025-08-01 15:18:18.806 | INFO     | src.gmm_model:train:15 - Training GMM on real features...
2025-08-01 15:19:04.593 | INFO     | src.gmm_model:train:17 - Training GMM on fake features...
2025-08-01 15:19:33.165 | INFO     | src.train:train_loop:71 - Epoch 2 - Train Accuracy: 0.7506
2025-08-01 15:19:36.934 | INFO     | src.train:train_loop:77 - Evaluating on validation set...
2025-08-01 15:19:38.121 | INFO     | src.train:train_loop:105 - Epoch 2 - Val Accuracy: 0.3080
2025-08-01 15:19:38.121 | INFO     | src.train:train_loop:106 - Validation scores stats — mean: 18.2771, std: 37.9077
2025-08-01 15:19:38.223 | INFO     | src.train:train_loop:113 - Epoch 2 - Logistic Reg Val Accuracy: 0.3766 | F1: 0.3867 | AUC: 0.3256
2025-08-01 15:19:38.224 | INFO     | src.train:train_loop:62 - Epoch 3 - Training GMMs
2025-08-01 15:19:38.224 | INFO     | src.gmm_model:train:15 - Training GMM on real features...
2025-08-01 15:20:15.693 | INFO     | src.gmm_model:train:17 - Training GMM on fake features...
2025-08-01 15:21:34.027 | INFO     | src.train:train_loop:71 - Epoch 3 - Train Accuracy: 0.7588
2025-08-01 15:21:38.085 | INFO     | src.train:train_loop:77 - Evaluating on validation set...
2025-08-01 15:21:39.297 | INFO     | src.train:train_loop:105 - Epoch 3 - Val Accuracy: 0.2499
2025-08-01 15:21:39.298 | INFO     | src.train:train_loop:106 - Validation scores stats — mean: 12.1325, std: 29.6085
2025-08-01 15:21:39.400 | INFO     | src.train:train_loop:113 - Epoch 3 - Logistic Reg Val Accuracy: 0.3766 | F1: 0.3867 | AUC: 0.3256
2025-08-01 15:21:39.401 | INFO     | src.train:train_loop:62 - Epoch 4 - Training GMMs
2025-08-01 15:21:39.401 | INFO     | src.gmm_model:train:15 - Training GMM on real features...
2025-08-01 15:22:24.485 | INFO     | src.gmm_model:train:17 - Training GMM on fake features...
2025-08-01 15:22:52.767 | INFO     | src.train:train_loop:71 - Epoch 4 - Train Accuracy: 0.7506
2025-08-01 15:22:56.813 | INFO     | src.train:train_loop:77 - Evaluating on validation set...
2025-08-01 15:22:58.107 | INFO     | src.train:train_loop:105 - Epoch 4 - Val Accuracy: 0.3079
2025-08-01 15:22:58.108 | INFO     | src.train:train_loop:106 - Validation scores stats — mean: 18.2757, std: 37.9077
2025-08-01 15:22:58.212 | INFO     | src.train:train_loop:113 - Epoch 4 - Logistic Reg Val Accuracy: 0.3766 | F1: 0.3867 | AUC: 0.3256
2025-08-01 15:22:58.212 | INFO     | src.train:train_loop:62 - Epoch 5 - Training GMMs
2025-08-01 15:22:58.212 | INFO     | src.gmm_model:train:15 - Training GMM on real features...
2025-08-01 15:23:43.862 | INFO     | src.gmm_model:train:17 - Training GMM on fake features...
2025-08-01 15:24:28.255 | INFO     | src.train:train_loop:71 - Epoch 5 - Train Accuracy: 0.7610
2025-08-01 15:24:32.357 | INFO     | src.train:train_loop:77 - Evaluating on validation set...
2025-08-01 15:24:33.522 | INFO     | src.train:train_loop:105 - Epoch 5 - Val Accuracy: 0.2490
2025-08-01 15:24:33.522 | INFO     | src.train:train_loop:106 - Validation scores stats — mean: 11.9727, std: 29.0002
2025-08-01 15:24:33.624 | INFO     | src.train:train_loop:113 - Epoch 5 - Logistic Reg Val Accuracy: 0.3766 | F1: 0.3867 | AUC: 0.3256
2025-08-01 15:24:33.625 | INFO     | src.train:train_loop:62 - Epoch 6 - Training GMMs
2025-08-01 15:24:33.625 | INFO     | src.gmm_model:train:15 - Training GMM on real features...
2025-08-01 15:25:18.290 | INFO     | src.gmm_model:train:17 - Training GMM on fake features...
2025-08-01 15:25:54.274 | INFO     | src.train:train_loop:71 - Epoch 6 - Train Accuracy: 0.7506
2025-08-01 15:25:58.235 | INFO     | src.train:train_loop:77 - Evaluating on validation set...
2025-08-01 15:25:59.492 | INFO     | src.train:train_loop:105 - Epoch 6 - Val Accuracy: 0.3097
2025-08-01 15:25:59.492 | INFO     | src.train:train_loop:106 - Validation scores stats — mean: 18.1586, std: 37.8742
2025-08-01 15:25:59.601 | INFO     | src.train:train_loop:113 - Epoch 6 - Logistic Reg Val Accuracy: 0.3766 | F1: 0.3867 | AUC: 0.3256
2025-08-01 15:25:59.601 | INFO     | src.train:train_loop:117 - New best model found. Saving checkpoints...
2025-08-01 15:25:59.616 | INFO     | src.gmm_model:save:23 - Saved models to checkpoints/gmm_real.pkl, checkpoints/gmm_fake.pkl
2025-08-01 15:25:59.616 | INFO     | src.train:train_loop:62 - Epoch 7 - Training GMMs
2025-08-01 15:25:59.617 | INFO     | src.gmm_model:train:15 - Training GMM on real features...
2025-08-01 15:26:46.188 | INFO     | src.gmm_model:train:17 - Training GMM on fake features...
2025-08-01 15:27:59.267 | INFO     | src.train:train_loop:71 - Epoch 7 - Train Accuracy: 0.7581
2025-08-01 15:28:03.054 | INFO     | src.train:train_loop:77 - Evaluating on validation set...
2025-08-01 15:28:04.221 | INFO     | src.train:train_loop:105 - Epoch 7 - Val Accuracy: 0.2593
2025-08-01 15:28:04.221 | INFO     | src.train:train_loop:106 - Validation scores stats — mean: 11.9879, std: 28.7654
2025-08-01 15:28:04.323 | INFO     | src.train:train_loop:113 - Epoch 7 - Logistic Reg Val Accuracy: 0.3766 | F1: 0.3867 | AUC: 0.3256
2025-08-01 15:28:04.323 | INFO     | src.train:train_loop:62 - Epoch 8 - Training GMMs
2025-08-01 15:28:04.323 | INFO     | src.gmm_model:train:15 - Training GMM on real features...
2025-08-01 15:28:50.373 | INFO     | src.gmm_model:train:17 - Training GMM on fake features...
2025-08-01 15:29:21.767 | INFO     | src.train:train_loop:71 - Epoch 8 - Train Accuracy: 0.7502
2025-08-01 15:29:25.702 | INFO     | src.train:train_loop:77 - Evaluating on validation set...
2025-08-01 15:29:26.941 | INFO     | src.train:train_loop:105 - Epoch 8 - Val Accuracy: 0.3084
2025-08-01 15:29:26.941 | INFO     | src.train:train_loop:106 - Validation scores stats — mean: 18.3868, std: 38.0383
2025-08-01 15:29:27.046 | INFO     | src.train:train_loop:113 - Epoch 8 - Logistic Reg Val Accuracy: 0.3766 | F1: 0.3867 | AUC: 0.3256
2025-08-01 15:29:27.046 | INFO     | src.train:train_loop:62 - Epoch 9 - Training GMMs
2025-08-01 15:29:27.046 | INFO     | src.gmm_model:train:15 - Training GMM on real features...
2025-08-01 15:30:11.576 | INFO     | src.utils:init_logging:10 - Logger initialized.
2025-08-01 15:30:11.576 | INFO     | src.train:load_features_from_folder:20 - Loading cached features from features/real_train.npy
2025-08-01 15:30:11.606 | INFO     | src.train:load_features_from_folder:20 - Loading cached features from features/fake_train.npy
2025-08-01 15:30:11.634 | INFO     | src.train:load_features_from_folder:20 - Loading cached features from features/real_val.npy
2025-08-01 15:30:11.641 | INFO     | src.train:load_features_from_folder:20 - Loading cached features from features/fake_val.npy
2025-08-01 15:30:11.649 | INFO     | src.train:train_loop:55 - Original feature dimension: 190
2025-08-01 15:30:11.650 | INFO     | src.train:train_loop:61 - Epoch 1 - Training GMMs
2025-08-01 15:30:11.650 | INFO     | src.gmm_model:train:15 - Training GMM on real features...
2025-08-01 15:30:58.778 | INFO     | src.gmm_model:train:17 - Training GMM on fake features...
2025-08-01 15:31:28.657 | INFO     | src.train:train_loop:70 - Epoch 1 - Train Accuracy: 0.7506
2025-08-01 15:45:08.085 | INFO     | src.train:train_loop:75 - Evaluating on validation set...
2025-08-01 15:46:21.686 | INFO     | src.train:train_loop:92 - Epoch 1 - JSD Accuracy: 0.4901
2025-08-01 15:46:22.483 | INFO     | src.train:train_loop:116 - Epoch 1 - Val Accuracy: 0.3080
2025-08-01 15:46:22.484 | INFO     | src.train:train_loop:117 - Validation scores stats — mean: 18.2775, std: 37.9078
2025-08-01 15:46:22.510 | INFO     | src.train:train_loop:124 - Epoch 1 - Logistic Reg Val Accuracy: 0.5079 | F1: 0.5428 | AUC: 0.5238
2025-08-01 15:46:22.511 | INFO     | src.train:train_loop:128 - New best model found. Saving checkpoints...
2025-08-01 15:46:22.526 | INFO     | src.gmm_model:save:23 - Saved models to checkpoints/gmm_real.pkl, checkpoints/gmm_fake.pkl
2025-08-01 15:46:22.526 | INFO     | src.train:train_loop:61 - Epoch 2 - Training GMMs
2025-08-01 15:46:22.526 | INFO     | src.gmm_model:train:15 - Training GMM on real features...
2025-08-01 15:47:10.291 | INFO     | src.gmm_model:train:17 - Training GMM on fake features...
2025-08-01 15:48:40.820 | INFO     | src.train:train_loop:70 - Epoch 2 - Train Accuracy: 0.7626
2025-08-01 16:02:52.594 | INFO     | src.train:train_loop:75 - Evaluating on validation set...
2025-08-01 16:04:05.403 | INFO     | src.train:train_loop:92 - Epoch 2 - JSD Accuracy: 0.4815
2025-08-01 16:04:06.147 | INFO     | src.train:train_loop:116 - Epoch 2 - Val Accuracy: 0.2488
2025-08-01 16:04:06.147 | INFO     | src.train:train_loop:117 - Validation scores stats — mean: 11.7750, std: 29.0410
2025-08-01 16:04:06.172 | INFO     | src.train:train_loop:124 - Epoch 2 - Logistic Reg Val Accuracy: 0.5079 | F1: 0.5428 | AUC: 0.5238
2025-08-01 16:04:06.173 | INFO     | src.train:train_loop:61 - Epoch 3 - Training GMMs
2025-08-01 16:04:06.173 | INFO     | src.gmm_model:train:15 - Training GMM on real features...
2025-08-01 16:04:53.395 | INFO     | src.gmm_model:train:17 - Training GMM on fake features...
2025-08-01 16:05:22.411 | INFO     | src.train:train_loop:70 - Epoch 3 - Train Accuracy: 0.7506
2025-08-01 16:18:38.472 | INFO     | src.train:train_loop:75 - Evaluating on validation set...
2025-08-01 16:19:20.470 | INFO     | src.utils:init_logging:10 - Logger initialized.
2025-08-01 16:19:20.470 | INFO     | src.train:load_features_from_folder:19 - Loading cached features from features/real_train.npy
2025-08-01 16:19:20.503 | INFO     | src.train:load_features_from_folder:19 - Loading cached features from features/fake_train.npy
2025-08-01 16:19:20.535 | INFO     | src.train:load_features_from_folder:19 - Loading cached features from features/real_val.npy
2025-08-01 16:19:20.543 | INFO     | src.train:load_features_from_folder:19 - Loading cached features from features/fake_val.npy
2025-08-01 16:19:20.552 | INFO     | src.train:train_loop:54 - Original feature dimension: 190
2025-08-01 16:19:20.552 | INFO     | src.train:train_loop:60 - Epoch 1 - Training GMMs
2025-08-01 16:19:20.552 | INFO     | src.gmm_model:train:15 - Training GMM on real features...
2025-08-01 16:20:06.271 | INFO     | src.gmm_model:train:17 - Training GMM on fake features...
2025-08-01 16:21:18.127 | INFO     | src.train:train_loop:69 - Epoch 1 - Train Accuracy: 0.7582
2025-08-01 16:41:00.892 | INFO     | src.train:train_loop:74 - Evaluating on validation set...
2025-08-01 16:42:13.205 | INFO     | src.train:train_loop:91 - Epoch 1 - JSD Accuracy: 0.4732
2025-08-01 16:42:13.573 | INFO     | src.train:train_loop:106 - Epoch 1 - Val Accuracy: 0.2585
2025-08-01 16:42:13.574 | INFO     | src.train:train_loop:107 - Validation scores stats — mean: 11.9929, std: 28.7280
2025-08-01 16:42:13.600 | INFO     | src.train:train_loop:114 - Epoch 1 - Logistic Reg Val Accuracy: 0.5091 | F1: 0.5464 | AUC: 0.5231
2025-08-01 16:42:13.600 | INFO     | src.train:train_loop:118 - New best model found. Saving checkpoints...
2025-08-01 16:42:13.616 | INFO     | src.gmm_model:save:23 - Saved models to checkpoints/gmm_real.pkl, checkpoints/gmm_fake.pkl
2025-08-01 16:42:13.616 | INFO     | src.train:train_loop:60 - Epoch 2 - Training GMMs
2025-08-01 16:42:13.616 | INFO     | src.gmm_model:train:15 - Training GMM on real features...
2025-08-01 16:43:00.696 | INFO     | src.gmm_model:train:17 - Training GMM on fake features...
2025-08-01 16:43:28.705 | INFO     | src.train:train_loop:69 - Epoch 2 - Train Accuracy: 0.7506
2025-08-01 17:01:31.096 | INFO     | src.train:train_loop:74 - Evaluating on validation set...
2025-08-01 17:02:50.077 | INFO     | src.train:train_loop:91 - Epoch 2 - JSD Accuracy: 0.4899
2025-08-01 17:02:50.494 | INFO     | src.train:train_loop:106 - Epoch 2 - Val Accuracy: 0.3079
2025-08-01 17:02:50.494 | INFO     | src.train:train_loop:107 - Validation scores stats — mean: 18.2759, std: 37.9077
2025-08-01 17:02:50.521 | INFO     | src.train:train_loop:114 - Epoch 2 - Logistic Reg Val Accuracy: 0.5091 | F1: 0.5464 | AUC: 0.5231
2025-08-01 17:02:50.521 | INFO     | src.train:train_loop:118 - New best model found. Saving checkpoints...
2025-08-01 17:02:50.535 | INFO     | src.gmm_model:save:23 - Saved models to checkpoints/gmm_real.pkl, checkpoints/gmm_fake.pkl
2025-08-01 17:02:50.535 | INFO     | src.train:train_loop:60 - Epoch 3 - Training GMMs
2025-08-01 17:02:50.535 | INFO     | src.gmm_model:train:15 - Training GMM on real features...
2025-08-01 17:03:36.911 | INFO     | src.gmm_model:train:17 - Training GMM on fake features...
2025-08-01 17:04:08.320 | INFO     | src.train:train_loop:69 - Epoch 3 - Train Accuracy: 0.7502
