2025-08-05 07:50:51,576 | INFO | Epoch 1 | Train Loss: 1065.1645, Train Acc: 0.8855
2025-08-05 07:50:52,017 | INFO | Epoch 1 | Train Precision: 0.8887, Recall: 0.8813, F1: 0.8850, AP: 0.8425
2025-08-05 07:50:52,017 | INFO | Epoch 1 | Train AUC: 0.8855
2025-08-05 07:52:20,101 | WARNING | [VAL SKIP] Exception during validation: Dimension out of range (expected to be in range of [-1, 0], but got 1)
2025-08-05 07:52:20,253 | INFO | Epoch 1 | Val Acc: 0.8785
2025-08-05 07:52:20,409 | INFO | Epoch 1 | Val Precision: 0.9515, Recall: 0.7975, F1: 0.8677, AP: 0.8600
2025-08-05 07:52:20,409 | INFO | Epoch 1 | Val AUC: 0.8785
2025-08-05 07:52:20,612 | INFO | Saved best model top10 to /root/Project/weights/RCNN/200kMDID/200kMDID_RCNN_top10.pth
2025-08-05 07:52:20,803 | INFO | Saved best model top30 to /root/Project/weights/RCNN/200kMDID/200kMDID_RCNN_top30.pth
2025-08-05 07:52:21,003 | INFO | Saved best model top50 to /root/Project/weights/RCNN/200kMDID/200kMDID_RCNN_top50.pth
2025-08-05 08:00:58,576 | INFO | Epoch 2 | Train Loss: 572.0680, Train Acc: 0.9400
2025-08-05 08:00:59,010 | INFO | Epoch 2 | Train Precision: 0.9423, Recall: 0.9373, F1: 0.9398, AP: 0.9146
2025-08-05 08:00:59,010 | INFO | Epoch 2 | Train AUC: 0.9400
2025-08-05 08:02:10,686 | WARNING | [VAL SKIP] Exception during validation: Dimension out of range (expected to be in range of [-1, 0], but got 1)
2025-08-05 08:02:10,839 | INFO | Epoch 2 | Val Acc: 0.8472
2025-08-05 08:02:10,968 | INFO | Epoch 2 | Val Precision: 0.9954, Recall: 0.6974, F1: 0.8202, AP: 0.8454
2025-08-05 08:02:10,969 | INFO | Epoch 2 | Val AUC: 0.8471
2025-08-05 08:10:48,037 | INFO | Epoch 3 | Train Loss: 436.7723, Train Acc: 0.9559
2025-08-05 08:10:48,475 | INFO | Epoch 3 | Train Precision: 0.9586, Recall: 0.9529, F1: 0.9557, AP: 0.9370
2025-08-05 08:10:48,475 | INFO | Epoch 3 | Train AUC: 0.9559
2025-08-05 08:12:00,457 | WARNING | [VAL SKIP] Exception during validation: Dimension out of range (expected to be in range of [-1, 0], but got 1)
2025-08-05 08:12:00,607 | INFO | Epoch 3 | Val Acc: 0.8859
2025-08-05 08:12:00,739 | INFO | Epoch 3 | Val Precision: 0.9715, Recall: 0.7949, F1: 0.8744, AP: 0.8747
2025-08-05 08:12:00,739 | INFO | Epoch 3 | Val AUC: 0.8858
2025-08-05 08:12:01,201 | INFO | Saved best model top10 to /root/Project/weights/RCNN/200kMDID/200kMDID_RCNN_top10.pth
2025-08-05 08:12:01,655 | INFO | Saved best model top30 to /root/Project/weights/RCNN/200kMDID/200kMDID_RCNN_top30.pth
2025-08-05 08:12:02,123 | INFO | Saved best model top50 to /root/Project/weights/RCNN/200kMDID/200kMDID_RCNN_top50.pth
2025-08-05 08:20:39,242 | INFO | Epoch 4 | Train Loss: 343.7448, Train Acc: 0.9664
2025-08-05 08:20:39,738 | INFO | Epoch 4 | Train Precision: 0.9687, Recall: 0.9640, F1: 0.9663, AP: 0.9518
2025-08-05 08:20:39,738 | INFO | Epoch 4 | Train AUC: 0.9664
2025-08-05 08:21:51,723 | WARNING | [VAL SKIP] Exception during validation: Dimension out of range (expected to be in range of [-1, 0], but got 1)
2025-08-05 08:21:51,878 | INFO | Epoch 4 | Val Acc: 0.8620
2025-08-05 08:21:52,015 | INFO | Epoch 4 | Val Precision: 0.9903, Recall: 0.7310, F1: 0.8412, AP: 0.8583
2025-08-05 08:21:52,015 | INFO | Epoch 4 | Val AUC: 0.8619
2025-08-05 08:30:29,279 | INFO | Epoch 5 | Train Loss: 270.2519, Train Acc: 0.9748
2025-08-05 08:30:29,740 | INFO | Epoch 5 | Train Precision: 0.9764, Recall: 0.9731, F1: 0.9748, AP: 0.9636
2025-08-05 08:30:29,740 | INFO | Epoch 5 | Train AUC: 0.9748
2025-08-05 08:31:41,086 | WARNING | [VAL SKIP] Exception during validation: Dimension out of range (expected to be in range of [-1, 0], but got 1)
2025-08-05 08:31:41,233 | INFO | Epoch 5 | Val Acc: 0.8467
2025-08-05 08:31:41,368 | INFO | Epoch 5 | Val Precision: 0.9974, Recall: 0.6949, F1: 0.8191, AP: 0.8456
2025-08-05 08:31:41,368 | INFO | Epoch 5 | Val AUC: 0.8466
2025-08-05 08:40:15,894 | INFO | Epoch 6 | Train Loss: 211.0550, Train Acc: 0.9812
2025-08-05 08:40:16,427 | INFO | Epoch 6 | Train Precision: 0.9820, Recall: 0.9804, F1: 0.9812, AP: 0.9726
2025-08-05 08:40:16,427 | INFO | Epoch 6 | Train AUC: 0.9812
2025-08-05 08:41:22,709 | WARNING | [VAL SKIP] Exception during validation: Dimension out of range (expected to be in range of [-1, 0], but got 1)
2025-08-05 08:41:22,867 | INFO | Epoch 6 | Val Acc: 0.8471
2025-08-05 08:41:22,999 | INFO | Epoch 6 | Val Precision: 0.9973, Recall: 0.6959, F1: 0.8198, AP: 0.8460
2025-08-05 08:41:22,999 | INFO | Epoch 6 | Val AUC: 0.8470
2025-08-05 08:50:01,200 | INFO | Epoch 7 | Train Loss: 169.6352, Train Acc: 0.9852
2025-08-05 08:50:01,645 | INFO | Epoch 7 | Train Precision: 0.9859, Recall: 0.9845, F1: 0.9852, AP: 0.9784
2025-08-05 08:50:01,645 | INFO | Epoch 7 | Train AUC: 0.9852
2025-08-05 08:51:13,512 | WARNING | [VAL SKIP] Exception during validation: Dimension out of range (expected to be in range of [-1, 0], but got 1)
2025-08-05 08:51:13,690 | INFO | Epoch 7 | Val Acc: 0.7824
2025-08-05 08:51:13,835 | INFO | Epoch 7 | Val Precision: 0.9978, Recall: 0.5658, F1: 0.7221, AP: 0.7815
2025-08-05 08:51:13,835 | INFO | Epoch 7 | Val AUC: 0.7823
2025-08-05 08:59:56,933 | INFO | Epoch 8 | Train Loss: 137.6893, Train Acc: 0.9885
2025-08-05 08:59:57,387 | INFO | Epoch 8 | Train Precision: 0.9889, Recall: 0.9881, F1: 0.9885, AP: 0.9831
2025-08-05 08:59:57,387 | INFO | Epoch 8 | Train AUC: 0.9885
2025-08-05 09:01:09,143 | WARNING | [VAL SKIP] Exception during validation: Dimension out of range (expected to be in range of [-1, 0], but got 1)
2025-08-05 09:01:09,284 | INFO | Epoch 8 | Val Acc: 0.9036
2025-08-05 09:01:09,417 | INFO | Epoch 8 | Val Precision: 0.9952, Recall: 0.8111, F1: 0.8938, AP: 0.9016
2025-08-05 09:01:09,417 | INFO | Epoch 8 | Val AUC: 0.9036
2025-08-05 09:01:09,602 | INFO | Saved best model top10 to /root/Project/weights/RCNN/200kMDID/200kMDID_RCNN_top10.pth
2025-08-05 09:01:10,270 | INFO | Saved best model top30 to /root/Project/weights/RCNN/200kMDID/200kMDID_RCNN_top30.pth
2025-08-05 09:01:10,685 | INFO | Saved best model top50 to /root/Project/weights/RCNN/200kMDID/200kMDID_RCNN_top50.pth
2025-08-05 09:09:47,029 | INFO | Epoch 9 | Train Loss: 118.8974, Train Acc: 0.9900
2025-08-05 09:09:47,485 | INFO | Epoch 9 | Train Precision: 0.9904, Recall: 0.9896, F1: 0.9900, AP: 0.9853
2025-08-05 09:09:47,486 | INFO | Epoch 9 | Train AUC: 0.9900
2025-08-05 09:10:58,098 | WARNING | [VAL SKIP] Exception during validation: Dimension out of range (expected to be in range of [-1, 0], but got 1)
2025-08-05 09:10:58,238 | INFO | Epoch 9 | Val Acc: 0.8801
2025-08-05 09:10:58,370 | INFO | Epoch 9 | Val Precision: 0.9958, Recall: 0.7632, F1: 0.8641, AP: 0.8783
2025-08-05 09:10:58,370 | INFO | Epoch 9 | Val AUC: 0.8800
2025-08-05 09:19:44,857 | INFO | Epoch 10 | Train Loss: 106.8218, Train Acc: 0.9912
2025-08-05 09:19:45,329 | INFO | Epoch 10 | Train Precision: 0.9915, Recall: 0.9909, F1: 0.9912, AP: 0.9871
2025-08-05 09:19:45,329 | INFO | Epoch 10 | Train AUC: 0.9912
2025-08-05 09:20:57,073 | WARNING | [VAL SKIP] Exception during validation: Dimension out of range (expected to be in range of [-1, 0], but got 1)
2025-08-05 09:20:57,221 | INFO | Epoch 10 | Val Acc: 0.9016
2025-08-05 09:20:57,357 | INFO | Epoch 10 | Val Precision: 0.9928, Recall: 0.8089, F1: 0.8915, AP: 0.8986
2025-08-05 09:20:57,357 | INFO | Epoch 10 | Val AUC: 0.9015
2025-08-05 09:29:29,625 | INFO | Epoch 11 | Train Loss: 94.3840, Train Acc: 0.9922
2025-08-05 09:29:30,068 | INFO | Epoch 11 | Train Precision: 0.9922, Recall: 0.9921, F1: 0.9922, AP: 0.9883
2025-08-05 09:29:30,068 | INFO | Epoch 11 | Train AUC: 0.9922
2025-08-05 09:30:36,660 | WARNING | [VAL SKIP] Exception during validation: Dimension out of range (expected to be in range of [-1, 0], but got 1)
2025-08-05 09:30:36,792 | INFO | Epoch 11 | Val Acc: 0.8975
2025-08-05 09:30:36,924 | INFO | Epoch 11 | Val Precision: 0.9938, Recall: 0.7999, F1: 0.8864, AP: 0.8950
2025-08-05 09:30:36,924 | INFO | Epoch 11 | Val AUC: 0.8975
2025-08-05 09:39:12,032 | INFO | Epoch 12 | Train Loss: 91.1241, Train Acc: 0.9926
2025-08-05 09:39:12,468 | INFO | Epoch 12 | Train Precision: 0.9927, Recall: 0.9925, F1: 0.9926, AP: 0.9890
2025-08-05 09:39:12,468 | INFO | Epoch 12 | Train AUC: 0.9926
2025-08-05 09:40:23,515 | WARNING | [VAL SKIP] Exception during validation: Dimension out of range (expected to be in range of [-1, 0], but got 1)
2025-08-05 09:40:23,694 | INFO | Epoch 12 | Val Acc: 0.8880
2025-08-05 09:40:23,826 | INFO | Epoch 12 | Val Precision: 0.9908, Recall: 0.7832, F1: 0.8748, AP: 0.8843
2025-08-05 09:40:23,826 | INFO | Epoch 12 | Val AUC: 0.8879
2025-08-05 09:48:57,809 | INFO | Epoch 13 | Train Loss: 81.2067, Train Acc: 0.9934
2025-08-05 09:48:58,250 | INFO | Epoch 13 | Train Precision: 0.9935, Recall: 0.9934, F1: 0.9934, AP: 0.9902
2025-08-05 09:48:58,250 | INFO | Epoch 13 | Train AUC: 0.9934
2025-08-05 09:50:10,109 | WARNING | [VAL SKIP] Exception during validation: Dimension out of range (expected to be in range of [-1, 0], but got 1)
2025-08-05 09:50:10,261 | INFO | Epoch 13 | Val Acc: 0.9286
2025-08-05 09:50:10,425 | INFO | Epoch 13 | Val Precision: 0.9891, Recall: 0.8666, F1: 0.9238, AP: 0.9238
2025-08-05 09:50:10,425 | INFO | Epoch 13 | Val AUC: 0.9286
2025-08-05 09:50:10,937 | INFO | Saved best model top30 to /root/Project/weights/RCNN/200kMDID/200kMDID_RCNN_top30.pth
2025-08-05 09:50:11,377 | INFO | Saved best model top50 to /root/Project/weights/RCNN/200kMDID/200kMDID_RCNN_top50.pth
2025-08-05 09:58:45,341 | INFO | Epoch 14 | Train Loss: 72.7194, Train Acc: 0.9940
2025-08-05 09:58:45,762 | INFO | Epoch 14 | Train Precision: 0.9943, Recall: 0.9937, F1: 0.9940, AP: 0.9912
2025-08-05 09:58:45,762 | INFO | Epoch 14 | Train AUC: 0.9940
2025-08-05 09:59:55,373 | WARNING | [VAL SKIP] Exception during validation: Dimension out of range (expected to be in range of [-1, 0], but got 1)
2025-08-05 09:59:55,523 | INFO | Epoch 14 | Val Acc: 0.8382
2025-08-05 09:59:55,666 | INFO | Epoch 14 | Val Precision: 0.9971, Recall: 0.6781, F1: 0.8072, AP: 0.8370
2025-08-05 09:59:55,666 | INFO | Epoch 14 | Val AUC: 0.8381
2025-08-05 10:08:30,108 | INFO | Epoch 15 | Train Loss: 74.4314, Train Acc: 0.9944
2025-08-05 10:08:30,577 | INFO | Epoch 15 | Train Precision: 0.9948, Recall: 0.9939, F1: 0.9943, AP: 0.9918
2025-08-05 10:08:30,578 | INFO | Epoch 15 | Train AUC: 0.9944
2025-08-05 10:09:42,132 | WARNING | [VAL SKIP] Exception during validation: Dimension out of range (expected to be in range of [-1, 0], but got 1)
2025-08-05 10:09:42,288 | INFO | Epoch 15 | Val Acc: 0.8749
2025-08-05 10:09:42,425 | INFO | Epoch 15 | Val Precision: 0.9955, Recall: 0.7531, F1: 0.8575, AP: 0.8731
2025-08-05 10:09:42,425 | INFO | Epoch 15 | Val AUC: 0.8749
2025-08-05 10:18:14,196 | INFO | Epoch 16 | Train Loss: 62.6170, Train Acc: 0.9950
2025-08-05 10:18:14,637 | INFO | Epoch 16 | Train Precision: 0.9952, Recall: 0.9948, F1: 0.9950, AP: 0.9927
2025-08-05 10:18:14,637 | INFO | Epoch 16 | Train AUC: 0.9950
2025-08-05 10:19:26,871 | WARNING | [VAL SKIP] Exception during validation: Dimension out of range (expected to be in range of [-1, 0], but got 1)
2025-08-05 10:19:27,055 | INFO | Epoch 16 | Val Acc: 0.8450
2025-08-05 10:19:27,186 | INFO | Epoch 16 | Val Precision: 0.9940, Recall: 0.6940, F1: 0.8174, AP: 0.8428
2025-08-05 10:19:27,187 | INFO | Epoch 16 | Val AUC: 0.8449
2025-08-05 10:28:00,608 | INFO | Epoch 17 | Train Loss: 63.4025, Train Acc: 0.9950
2025-08-05 10:28:01,078 | INFO | Epoch 17 | Train Precision: 0.9950, Recall: 0.9949, F1: 0.9950, AP: 0.9925
2025-08-05 10:28:01,078 | INFO | Epoch 17 | Train AUC: 0.9950
2025-08-05 10:29:16,023 | WARNING | [VAL SKIP] Exception during validation: Dimension out of range (expected to be in range of [-1, 0], but got 1)
2025-08-05 10:29:16,174 | INFO | Epoch 17 | Val Acc: 0.9068
2025-08-05 10:29:16,321 | INFO | Epoch 17 | Val Precision: 0.9882, Recall: 0.8233, F1: 0.8982, AP: 0.9019
2025-08-05 10:29:16,322 | INFO | Epoch 17 | Val AUC: 0.9067
2025-08-05 10:37:55,289 | INFO | Epoch 18 | Train Loss: 58.3408, Train Acc: 0.9953
2025-08-05 10:37:55,796 | INFO | Epoch 18 | Train Precision: 0.9953, Recall: 0.9953, F1: 0.9953, AP: 0.9930
2025-08-05 10:37:55,796 | INFO | Epoch 18 | Train AUC: 0.9953
2025-08-05 10:39:12,255 | WARNING | [VAL SKIP] Exception during validation: Dimension out of range (expected to be in range of [-1, 0], but got 1)
2025-08-05 10:39:12,390 | INFO | Epoch 18 | Val Acc: 0.8642
2025-08-05 10:39:12,585 | INFO | Epoch 18 | Val Precision: 0.9964, Recall: 0.7307, F1: 0.8432, AP: 0.8627
2025-08-05 10:39:12,585 | INFO | Epoch 18 | Val AUC: 0.8641
2025-08-05 10:48:04,230 | INFO | Epoch 19 | Train Loss: 54.6840, Train Acc: 0.9957
2025-08-05 10:48:04,756 | INFO | Epoch 19 | Train Precision: 0.9957, Recall: 0.9957, F1: 0.9957, AP: 0.9936
2025-08-05 10:48:04,756 | INFO | Epoch 19 | Train AUC: 0.9957
2025-08-05 10:49:21,746 | WARNING | [VAL SKIP] Exception during validation: Dimension out of range (expected to be in range of [-1, 0], but got 1)
2025-08-05 10:49:21,942 | INFO | Epoch 19 | Val Acc: 0.8555
2025-08-05 10:49:22,127 | INFO | Epoch 19 | Val Precision: 0.9968, Recall: 0.7130, F1: 0.8314, AP: 0.8541
2025-08-05 10:49:22,127 | INFO | Epoch 19 | Val AUC: 0.8554
2025-08-05 10:58:02,881 | INFO | Epoch 20 | Train Loss: 52.9126, Train Acc: 0.9957
2025-08-05 10:58:03,533 | INFO | Epoch 20 | Train Precision: 0.9960, Recall: 0.9955, F1: 0.9957, AP: 0.9937
2025-08-05 10:58:03,533 | INFO | Epoch 20 | Train AUC: 0.9957
2025-08-05 10:59:21,373 | WARNING | [VAL SKIP] Exception during validation: Dimension out of range (expected to be in range of [-1, 0], but got 1)
2025-08-05 10:59:21,541 | INFO | Epoch 20 | Val Acc: 0.8932
2025-08-05 10:59:21,680 | INFO | Epoch 20 | Val Precision: 0.9762, Recall: 0.8059, F1: 0.8829, AP: 0.8837
2025-08-05 10:59:21,680 | INFO | Epoch 20 | Val AUC: 0.8931
2025-08-05 11:08:04,079 | INFO | Epoch 21 | Train Loss: 50.7264, Train Acc: 0.9962
2025-08-05 11:08:04,795 | INFO | Epoch 21 | Train Precision: 0.9962, Recall: 0.9962, F1: 0.9962, AP: 0.9943
2025-08-05 11:08:04,795 | INFO | Epoch 21 | Train AUC: 0.9962
2025-08-05 11:09:24,374 | WARNING | [VAL SKIP] Exception during validation: Dimension out of range (expected to be in range of [-1, 0], but got 1)
2025-08-05 11:09:24,523 | INFO | Epoch 21 | Val Acc: 0.9121
2025-08-05 11:09:24,711 | INFO | Epoch 21 | Val Precision: 0.9926, Recall: 0.8303, F1: 0.9042, AP: 0.9089
2025-08-05 11:09:24,711 | INFO | Epoch 21 | Val AUC: 0.9120
2025-08-05 11:18:09,204 | INFO | Epoch 22 | Train Loss: 48.6060, Train Acc: 0.9962
2025-08-05 11:18:09,776 | INFO | Epoch 22 | Train Precision: 0.9962, Recall: 0.9962, F1: 0.9962, AP: 0.9943
2025-08-05 11:18:09,777 | INFO | Epoch 22 | Train AUC: 0.9962
2025-08-05 11:19:30,137 | WARNING | [VAL SKIP] Exception during validation: Dimension out of range (expected to be in range of [-1, 0], but got 1)
2025-08-05 11:19:30,287 | INFO | Epoch 22 | Val Acc: 0.9073
2025-08-05 11:19:30,476 | INFO | Epoch 22 | Val Precision: 0.9803, Recall: 0.8310, F1: 0.8995, AP: 0.8991
2025-08-05 11:19:30,476 | INFO | Epoch 22 | Val AUC: 0.9072
2025-08-05 11:28:21,100 | INFO | Epoch 23 | Train Loss: 47.0287, Train Acc: 0.9964
2025-08-05 11:28:21,707 | INFO | Epoch 23 | Train Precision: 0.9965, Recall: 0.9963, F1: 0.9964, AP: 0.9947
2025-08-05 11:28:21,707 | INFO | Epoch 23 | Train AUC: 0.9964
2025-08-05 11:29:43,108 | WARNING | [VAL SKIP] Exception during validation: Dimension out of range (expected to be in range of [-1, 0], but got 1)
2025-08-05 11:29:43,291 | INFO | Epoch 23 | Val Acc: 0.9069
2025-08-05 11:29:43,528 | INFO | Epoch 23 | Val Precision: 0.9935, Recall: 0.8190, F1: 0.8978, AP: 0.9041
2025-08-05 11:29:43,528 | INFO | Epoch 23 | Val AUC: 0.9068
2025-08-05 11:38:31,887 | INFO | Epoch 24 | Train Loss: 43.9817, Train Acc: 0.9966
2025-08-05 11:38:32,766 | INFO | Epoch 24 | Train Precision: 0.9966, Recall: 0.9965, F1: 0.9966, AP: 0.9949
2025-08-05 11:38:32,766 | INFO | Epoch 24 | Train AUC: 0.9966
2025-08-05 11:40:04,233 | WARNING | [VAL SKIP] Exception during validation: Dimension out of range (expected to be in range of [-1, 0], but got 1)
2025-08-05 11:40:04,391 | INFO | Epoch 24 | Val Acc: 0.8669
2025-08-05 11:40:04,554 | INFO | Epoch 24 | Val Precision: 0.9927, Recall: 0.7390, F1: 0.8473, AP: 0.8641
2025-08-05 11:40:04,555 | INFO | Epoch 24 | Val AUC: 0.8668
2025-08-05 11:48:46,821 | INFO | Epoch 25 | Train Loss: 40.9695, Train Acc: 0.9967
2025-08-05 11:48:47,420 | INFO | Epoch 25 | Train Precision: 0.9969, Recall: 0.9965, F1: 0.9967, AP: 0.9951
2025-08-05 11:48:47,420 | INFO | Epoch 25 | Train AUC: 0.9967
2025-08-05 11:50:07,303 | WARNING | [VAL SKIP] Exception during validation: Dimension out of range (expected to be in range of [-1, 0], but got 1)
2025-08-05 11:50:07,469 | INFO | Epoch 25 | Val Acc: 0.8627
2025-08-05 11:50:07,649 | INFO | Epoch 25 | Val Precision: 0.9947, Recall: 0.7290, F1: 0.8414, AP: 0.8605
2025-08-05 11:50:07,649 | INFO | Epoch 25 | Val AUC: 0.8626
2025-08-05 11:58:57,372 | INFO | Epoch 26 | Train Loss: 42.4542, Train Acc: 0.9967
2025-08-05 11:58:58,088 | INFO | Epoch 26 | Train Precision: 0.9968, Recall: 0.9967, F1: 0.9967, AP: 0.9951
2025-08-05 11:58:58,088 | INFO | Epoch 26 | Train AUC: 0.9967
2025-08-05 12:00:44,188 | WARNING | [VAL SKIP] Exception during validation: Dimension out of range (expected to be in range of [-1, 0], but got 1)
2025-08-05 12:00:44,408 | INFO | Epoch 26 | Val Acc: 0.8567
2025-08-05 12:00:44,703 | INFO | Epoch 26 | Val Precision: 0.9911, Recall: 0.7196, F1: 0.8338, AP: 0.8533
2025-08-05 12:00:44,703 | INFO | Epoch 26 | Val AUC: 0.8566
2025-08-05 12:09:37,885 | INFO | Epoch 27 | Train Loss: 38.0345, Train Acc: 0.9970
2025-08-05 12:09:38,395 | INFO | Epoch 27 | Train Precision: 0.9973, Recall: 0.9968, F1: 0.9970, AP: 0.9957
2025-08-05 12:09:38,395 | INFO | Epoch 27 | Train AUC: 0.9970
2025-08-05 12:10:57,690 | WARNING | [VAL SKIP] Exception during validation: Dimension out of range (expected to be in range of [-1, 0], but got 1)
2025-08-05 12:10:57,847 | INFO | Epoch 27 | Val Acc: 0.8810
2025-08-05 12:10:58,013 | INFO | Epoch 27 | Val Precision: 0.9925, Recall: 0.7677, F1: 0.8658, AP: 0.8780
2025-08-05 12:10:58,013 | INFO | Epoch 27 | Val AUC: 0.8810
2025-08-05 12:19:39,606 | INFO | Epoch 28 | Train Loss: 38.4585, Train Acc: 0.9970
2025-08-05 12:19:40,141 | INFO | Epoch 28 | Train Precision: 0.9971, Recall: 0.9969, F1: 0.9970, AP: 0.9955
2025-08-05 12:19:40,141 | INFO | Epoch 28 | Train AUC: 0.9970
2025-08-05 12:21:00,861 | WARNING | [VAL SKIP] Exception during validation: Dimension out of range (expected to be in range of [-1, 0], but got 1)
2025-08-05 12:21:01,004 | INFO | Epoch 28 | Val Acc: 0.8389
2025-08-05 12:21:01,171 | INFO | Epoch 28 | Val Precision: 0.9976, Recall: 0.6793, F1: 0.8082, AP: 0.8379
2025-08-05 12:21:01,172 | INFO | Epoch 28 | Val AUC: 0.8388
2025-08-05 12:29:47,553 | INFO | Epoch 29 | Train Loss: 37.1281, Train Acc: 0.9971
2025-08-05 12:29:48,133 | INFO | Epoch 29 | Train Precision: 0.9972, Recall: 0.9970, F1: 0.9971, AP: 0.9957
2025-08-05 12:29:48,133 | INFO | Epoch 29 | Train AUC: 0.9971
2025-08-05 12:31:09,045 | WARNING | [VAL SKIP] Exception during validation: Dimension out of range (expected to be in range of [-1, 0], but got 1)
2025-08-05 12:31:09,197 | INFO | Epoch 29 | Val Acc: 0.8915
2025-08-05 12:31:09,411 | INFO | Epoch 29 | Val Precision: 0.9954, Recall: 0.7865, F1: 0.8787, AP: 0.8896
2025-08-05 12:31:09,412 | INFO | Epoch 29 | Val AUC: 0.8914
2025-08-05 12:39:54,822 | INFO | Epoch 30 | Train Loss: 37.9099, Train Acc: 0.9970
2025-08-05 12:39:55,433 | INFO | Epoch 30 | Train Precision: 0.9971, Recall: 0.9969, F1: 0.9970, AP: 0.9956
2025-08-05 12:39:55,433 | INFO | Epoch 30 | Train AUC: 0.9970
2025-08-05 12:41:15,677 | WARNING | [VAL SKIP] Exception during validation: Dimension out of range (expected to be in range of [-1, 0], but got 1)
2025-08-05 12:41:15,814 | INFO | Epoch 30 | Val Acc: 0.9133
2025-08-05 12:41:15,976 | INFO | Epoch 30 | Val Precision: 0.9910, Recall: 0.8341, F1: 0.9058, AP: 0.9095
2025-08-05 12:41:15,976 | INFO | Epoch 30 | Val AUC: 0.9133
2025-08-05 12:49:59,177 | INFO | Epoch 31 | Train Loss: 35.7664, Train Acc: 0.9973
2025-08-05 12:49:59,700 | INFO | Epoch 31 | Train Precision: 0.9974, Recall: 0.9973, F1: 0.9973, AP: 0.9960
2025-08-05 12:49:59,701 | INFO | Epoch 31 | Train AUC: 0.9973
2025-08-05 12:51:33,727 | WARNING | [VAL SKIP] Exception during validation: Dimension out of range (expected to be in range of [-1, 0], but got 1)
2025-08-05 12:51:33,875 | INFO | Epoch 31 | Val Acc: 0.8743
2025-08-05 12:51:34,064 | INFO | Epoch 31 | Val Precision: 0.9969, Recall: 0.7508, F1: 0.8565, AP: 0.8730
2025-08-05 12:51:34,064 | INFO | Epoch 31 | Val AUC: 0.8742
2025-08-05 13:00:17,562 | INFO | Epoch 32 | Train Loss: 33.7089, Train Acc: 0.9975
2025-08-05 13:00:18,074 | INFO | Epoch 32 | Train Precision: 0.9975, Recall: 0.9974, F1: 0.9975, AP: 0.9962
2025-08-05 13:00:18,074 | INFO | Epoch 32 | Train AUC: 0.9975
2025-08-05 13:01:36,355 | WARNING | [VAL SKIP] Exception during validation: Dimension out of range (expected to be in range of [-1, 0], but got 1)
2025-08-05 13:01:36,490 | INFO | Epoch 32 | Val Acc: 0.8959
2025-08-05 13:01:36,694 | INFO | Epoch 32 | Val Precision: 0.9929, Recall: 0.7974, F1: 0.8845, AP: 0.8930
2025-08-05 13:01:36,694 | INFO | Epoch 32 | Val AUC: 0.8959
2025-08-05 13:10:35,862 | INFO | Epoch 33 | Train Loss: 30.8853, Train Acc: 0.9977
2025-08-05 13:10:36,461 | INFO | Epoch 33 | Train Precision: 0.9978, Recall: 0.9975, F1: 0.9977, AP: 0.9966
2025-08-05 13:10:36,462 | INFO | Epoch 33 | Train AUC: 0.9977
2025-08-05 13:11:55,800 | WARNING | [VAL SKIP] Exception during validation: Dimension out of range (expected to be in range of [-1, 0], but got 1)
2025-08-05 13:11:55,968 | INFO | Epoch 33 | Val Acc: 0.8769
2025-08-05 13:11:56,129 | INFO | Epoch 33 | Val Precision: 0.9972, Recall: 0.7558, F1: 0.8599, AP: 0.8757
2025-08-05 13:11:56,130 | INFO | Epoch 33 | Val AUC: 0.8768
2025-08-05 13:20:42,932 | INFO | Epoch 34 | Train Loss: 31.7447, Train Acc: 0.9974
2025-08-05 13:20:43,533 | INFO | Epoch 34 | Train Precision: 0.9974, Recall: 0.9975, F1: 0.9974, AP: 0.9961
2025-08-05 13:20:43,533 | INFO | Epoch 34 | Train AUC: 0.9974
2025-08-05 13:21:55,532 | WARNING | [VAL SKIP] Exception during validation: Dimension out of range (expected to be in range of [-1, 0], but got 1)
2025-08-05 13:21:55,696 | INFO | Epoch 34 | Val Acc: 0.8737
2025-08-05 13:21:55,861 | INFO | Epoch 34 | Val Precision: 0.9958, Recall: 0.7504, F1: 0.8559, AP: 0.8720
2025-08-05 13:21:55,862 | INFO | Epoch 34 | Val AUC: 0.8736
2025-08-05 13:30:42,782 | INFO | Epoch 35 | Train Loss: 31.1611, Train Acc: 0.9977
2025-08-05 13:30:43,304 | INFO | Epoch 35 | Train Precision: 0.9977, Recall: 0.9977, F1: 0.9977, AP: 0.9966
2025-08-05 13:30:43,304 | INFO | Epoch 35 | Train AUC: 0.9977
2025-08-05 13:32:03,741 | WARNING | [VAL SKIP] Exception during validation: Dimension out of range (expected to be in range of [-1, 0], but got 1)
2025-08-05 13:32:03,914 | INFO | Epoch 35 | Val Acc: 0.8928
2025-08-05 13:32:04,077 | INFO | Epoch 35 | Val Precision: 0.9900, Recall: 0.7935, F1: 0.8809, AP: 0.8887
2025-08-05 13:32:04,077 | INFO | Epoch 35 | Val AUC: 0.8927
2025-08-05 13:40:50,905 | INFO | Epoch 36 | Train Loss: 29.4227, Train Acc: 0.9977
2025-08-05 13:40:51,388 | INFO | Epoch 36 | Train Precision: 0.9978, Recall: 0.9977, F1: 0.9977, AP: 0.9966
2025-08-05 13:40:51,388 | INFO | Epoch 36 | Train AUC: 0.9977
2025-08-05 13:42:02,857 | WARNING | [VAL SKIP] Exception during validation: Dimension out of range (expected to be in range of [-1, 0], but got 1)
2025-08-05 13:42:03,011 | INFO | Epoch 36 | Val Acc: 0.8236
2025-08-05 13:42:03,153 | INFO | Epoch 36 | Val Precision: 0.9978, Recall: 0.6483, F1: 0.7860, AP: 0.8226
2025-08-05 13:42:03,153 | INFO | Epoch 36 | Val AUC: 0.8234
2025-08-05 13:50:48,163 | INFO | Epoch 37 | Train Loss: 31.0280, Train Acc: 0.9975
2025-08-05 13:50:48,974 | INFO | Epoch 37 | Train Precision: 0.9976, Recall: 0.9975, F1: 0.9975, AP: 0.9963
2025-08-05 13:50:48,974 | INFO | Epoch 37 | Train AUC: 0.9975
2025-08-05 13:52:08,049 | WARNING | [VAL SKIP] Exception during validation: Dimension out of range (expected to be in range of [-1, 0], but got 1)
2025-08-05 13:52:08,192 | INFO | Epoch 37 | Val Acc: 0.8268
2025-08-05 13:52:08,357 | INFO | Epoch 37 | Val Precision: 0.9985, Recall: 0.6543, F1: 0.7906, AP: 0.8261
2025-08-05 13:52:08,357 | INFO | Epoch 37 | Val AUC: 0.8267
2025-08-05 14:00:54,329 | INFO | Epoch 38 | Train Loss: 28.9698, Train Acc: 0.9978
2025-08-05 14:00:54,990 | INFO | Epoch 38 | Train Precision: 0.9977, Recall: 0.9978, F1: 0.9978, AP: 0.9966
2025-08-05 14:00:54,990 | INFO | Epoch 38 | Train AUC: 0.9978
2025-08-05 14:02:14,760 | WARNING | [VAL SKIP] Exception during validation: Dimension out of range (expected to be in range of [-1, 0], but got 1)
2025-08-05 14:02:14,919 | INFO | Epoch 38 | Val Acc: 0.9256
2025-08-05 14:02:15,080 | INFO | Epoch 38 | Val Precision: 0.9825, Recall: 0.8667, F1: 0.9209, AP: 0.9181
2025-08-05 14:02:15,080 | INFO | Epoch 38 | Val AUC: 0.9256
2025-08-05 14:10:59,610 | INFO | Epoch 39 | Train Loss: 28.9263, Train Acc: 0.9976
2025-08-05 14:11:00,125 | INFO | Epoch 39 | Train Precision: 0.9976, Recall: 0.9976, F1: 0.9976, AP: 0.9965
2025-08-05 14:11:00,125 | INFO | Epoch 39 | Train AUC: 0.9976
2025-08-05 14:12:29,669 | WARNING | [VAL SKIP] Exception during validation: Dimension out of range (expected to be in range of [-1, 0], but got 1)
2025-08-05 14:12:29,797 | INFO | Epoch 39 | Val Acc: 0.9018
2025-08-05 14:12:29,983 | INFO | Epoch 39 | Val Precision: 0.9917, Recall: 0.8103, F1: 0.8918, AP: 0.8983
2025-08-05 14:12:29,983 | INFO | Epoch 39 | Val AUC: 0.9017
2025-08-05 14:21:45,964 | INFO | Epoch 40 | Train Loss: 26.3274, Train Acc: 0.9979
2025-08-05 14:21:46,522 | INFO | Epoch 40 | Train Precision: 0.9978, Recall: 0.9979, F1: 0.9979, AP: 0.9968
2025-08-05 14:21:46,522 | INFO | Epoch 40 | Train AUC: 0.9979
2025-08-05 14:23:12,378 | WARNING | [VAL SKIP] Exception during validation: Dimension out of range (expected to be in range of [-1, 0], but got 1)
2025-08-05 14:23:12,516 | INFO | Epoch 40 | Val Acc: 0.8905
2025-08-05 14:23:12,677 | INFO | Epoch 40 | Val Precision: 0.9900, Recall: 0.7888, F1: 0.8780, AP: 0.8864
2025-08-05 14:23:12,678 | INFO | Epoch 40 | Val AUC: 0.8904
2025-08-05 14:31:54,657 | INFO | Epoch 41 | Train Loss: 27.7269, Train Acc: 0.9980
2025-08-05 14:31:55,158 | INFO | Epoch 41 | Train Precision: 0.9981, Recall: 0.9979, F1: 0.9980, AP: 0.9971
2025-08-05 14:31:55,158 | INFO | Epoch 41 | Train AUC: 0.9980
2025-08-05 14:33:12,121 | WARNING | [VAL SKIP] Exception during validation: Dimension out of range (expected to be in range of [-1, 0], but got 1)
2025-08-05 14:33:12,285 | INFO | Epoch 41 | Val Acc: 0.9237
2025-08-05 14:33:12,436 | INFO | Epoch 41 | Val Precision: 0.9866, Recall: 0.8590, F1: 0.9184, AP: 0.9179
2025-08-05 14:33:12,436 | INFO | Epoch 41 | Val AUC: 0.9237
2025-08-05 14:41:57,647 | INFO | Epoch 42 | Train Loss: 28.2520, Train Acc: 0.9980
2025-08-05 14:41:58,295 | INFO | Epoch 42 | Train Precision: 0.9980, Recall: 0.9980, F1: 0.9980, AP: 0.9970
2025-08-05 14:41:58,296 | INFO | Epoch 42 | Train AUC: 0.9980
2025-08-05 14:43:30,106 | WARNING | [VAL SKIP] Exception during validation: Dimension out of range (expected to be in range of [-1, 0], but got 1)
2025-08-05 14:43:30,294 | INFO | Epoch 42 | Val Acc: 0.8698
2025-08-05 14:43:30,494 | INFO | Epoch 42 | Val Precision: 0.9929, Recall: 0.7447, F1: 0.8511, AP: 0.8670
2025-08-05 14:43:30,495 | INFO | Epoch 42 | Val AUC: 0.8697
2025-08-05 14:52:42,817 | INFO | Epoch 43 | Train Loss: 27.2833, Train Acc: 0.9979
2025-08-05 14:52:43,656 | INFO | Epoch 43 | Train Precision: 0.9980, Recall: 0.9979, F1: 0.9979, AP: 0.9969
2025-08-05 14:52:43,656 | INFO | Epoch 43 | Train AUC: 0.9979
2025-08-05 14:54:08,578 | WARNING | [VAL SKIP] Exception during validation: Dimension out of range (expected to be in range of [-1, 0], but got 1)
2025-08-05 14:54:08,774 | INFO | Epoch 43 | Val Acc: 0.8701
2025-08-05 14:54:08,975 | INFO | Epoch 43 | Val Precision: 0.9936, Recall: 0.7448, F1: 0.8514, AP: 0.8675
2025-08-05 14:54:08,976 | INFO | Epoch 43 | Val AUC: 0.8700
2025-08-05 15:02:55,801 | INFO | Epoch 44 | Train Loss: 25.3604, Train Acc: 0.9982
2025-08-05 15:02:56,254 | INFO | Epoch 44 | Train Precision: 0.9982, Recall: 0.9982, F1: 0.9982, AP: 0.9972
2025-08-05 15:02:56,255 | INFO | Epoch 44 | Train AUC: 0.9982
2025-08-05 15:04:08,217 | WARNING | [VAL SKIP] Exception during validation: Dimension out of range (expected to be in range of [-1, 0], but got 1)
2025-08-05 15:04:08,386 | INFO | Epoch 44 | Val Acc: 0.8992
2025-08-05 15:04:08,542 | INFO | Epoch 44 | Val Precision: 0.9904, Recall: 0.8060, F1: 0.8887, AP: 0.8952
2025-08-05 15:04:08,542 | INFO | Epoch 44 | Val AUC: 0.8991
2025-08-05 15:12:53,167 | INFO | Epoch 45 | Train Loss: 26.7145, Train Acc: 0.9980
2025-08-05 15:12:53,705 | INFO | Epoch 45 | Train Precision: 0.9981, Recall: 0.9978, F1: 0.9980, AP: 0.9970
2025-08-05 15:12:53,706 | INFO | Epoch 45 | Train AUC: 0.9980
2025-08-05 15:14:05,109 | WARNING | [VAL SKIP] Exception during validation: Dimension out of range (expected to be in range of [-1, 0], but got 1)
2025-08-05 15:14:05,267 | INFO | Epoch 45 | Val Acc: 0.9327
2025-08-05 15:14:05,443 | INFO | Epoch 45 | Val Precision: 0.9879, Recall: 0.8762, F1: 0.9287, AP: 0.9274
2025-08-05 15:14:05,443 | INFO | Epoch 45 | Val AUC: 0.9327
2025-08-05 15:14:05,970 | INFO | Saved best model top50 to /root/Project/weights/RCNN/200kMDID/200kMDID_RCNN_top50.pth
2025-08-05 15:22:50,256 | INFO | Epoch 46 | Train Loss: 25.1795, Train Acc: 0.9981
2025-08-05 15:22:50,800 | INFO | Epoch 46 | Train Precision: 0.9982, Recall: 0.9980, F1: 0.9981, AP: 0.9971
2025-08-05 15:22:50,801 | INFO | Epoch 46 | Train AUC: 0.9981
2025-08-05 15:24:08,594 | WARNING | [VAL SKIP] Exception during validation: Dimension out of range (expected to be in range of [-1, 0], but got 1)
2025-08-05 15:24:08,714 | INFO | Epoch 46 | Val Acc: 0.9106
2025-08-05 15:24:08,878 | INFO | Epoch 46 | Val Precision: 0.9876, Recall: 0.8315, F1: 0.9028, AP: 0.9053
2025-08-05 15:24:08,879 | INFO | Epoch 46 | Val AUC: 0.9105
2025-08-05 15:32:54,174 | INFO | Epoch 47 | Train Loss: 23.4115, Train Acc: 0.9982
2025-08-05 15:32:54,843 | INFO | Epoch 47 | Train Precision: 0.9983, Recall: 0.9982, F1: 0.9982, AP: 0.9974
2025-08-05 15:32:54,843 | INFO | Epoch 47 | Train AUC: 0.9982
2025-08-05 15:34:16,264 | WARNING | [VAL SKIP] Exception during validation: Dimension out of range (expected to be in range of [-1, 0], but got 1)
2025-08-05 15:34:16,436 | INFO | Epoch 47 | Val Acc: 0.9015
2025-08-05 15:34:16,628 | INFO | Epoch 47 | Val Precision: 0.9808, Recall: 0.8189, F1: 0.8926, AP: 0.8937
2025-08-05 15:34:16,628 | INFO | Epoch 47 | Val AUC: 0.9015
2025-08-05 15:43:07,308 | INFO | Epoch 48 | Train Loss: 25.4148, Train Acc: 0.9980
2025-08-05 15:43:07,887 | INFO | Epoch 48 | Train Precision: 0.9981, Recall: 0.9980, F1: 0.9980, AP: 0.9971
2025-08-05 15:43:07,887 | INFO | Epoch 48 | Train AUC: 0.9980
2025-08-05 15:44:27,713 | WARNING | [VAL SKIP] Exception during validation: Dimension out of range (expected to be in range of [-1, 0], but got 1)
2025-08-05 15:44:27,892 | INFO | Epoch 48 | Val Acc: 0.8949
2025-08-05 15:44:28,081 | INFO | Epoch 48 | Val Precision: 0.9768, Recall: 0.8089, F1: 0.8849, AP: 0.8856
2025-08-05 15:44:28,081 | INFO | Epoch 48 | Val AUC: 0.8948
2025-08-05 15:53:14,748 | INFO | Epoch 49 | Train Loss: 22.2266, Train Acc: 0.9984
2025-08-05 15:53:15,283 | INFO | Epoch 49 | Train Precision: 0.9984, Recall: 0.9984, F1: 0.9984, AP: 0.9976
2025-08-05 15:53:15,283 | INFO | Epoch 49 | Train AUC: 0.9984
2025-08-05 15:54:51,757 | WARNING | [VAL SKIP] Exception during validation: Dimension out of range (expected to be in range of [-1, 0], but got 1)
2025-08-05 15:54:51,904 | INFO | Epoch 49 | Val Acc: 0.8908
2025-08-05 15:54:52,089 | INFO | Epoch 49 | Val Precision: 0.9953, Recall: 0.7852, F1: 0.8779, AP: 0.8889
2025-08-05 15:54:52,089 | INFO | Epoch 49 | Val AUC: 0.8908
2025-08-05 16:03:39,861 | INFO | Epoch 50 | Train Loss: 20.9581, Train Acc: 0.9984
2025-08-05 16:03:40,346 | INFO | Epoch 50 | Train Precision: 0.9984, Recall: 0.9985, F1: 0.9984, AP: 0.9977
2025-08-05 16:03:40,346 | INFO | Epoch 50 | Train AUC: 0.9984
2025-08-05 16:04:58,372 | WARNING | [VAL SKIP] Exception during validation: Dimension out of range (expected to be in range of [-1, 0], but got 1)
2025-08-05 16:04:58,496 | INFO | Epoch 50 | Val Acc: 0.8997
2025-08-05 16:04:58,659 | INFO | Epoch 50 | Val Precision: 0.9895, Recall: 0.8080, F1: 0.8895, AP: 0.8954
2025-08-05 16:04:58,659 | INFO | Epoch 50 | Val AUC: 0.8997
