2025-08-03 22:33:00.646 | INFO     | src.utils:init_logging:10 - Logger initialized.
2025-08-03 22:33:00.647 | INFO     | src.train:load_features_from_folder:19 - Loading cached features from features/SGDF/real_train.npy
2025-08-03 22:33:00.652 | INFO     | src.train:load_features_from_folder:19 - Loading cached features from features/SGDF/fake_train.npy
2025-08-03 22:33:00.659 | INFO     | src.train:load_features_from_folder:19 - Loading cached features from features/SGDF/real_val.npy
2025-08-03 22:33:00.661 | INFO     | src.train:load_features_from_folder:19 - Loading cached features from features/SGDF/fake_val.npy
2025-08-03 22:33:00.663 | INFO     | src.train:train_loop:54 - Original feature dimension: 190
2025-08-03 22:33:00.663 | INFO     | src.train:train_loop:60 - Epoch 1 - Training GMMs
2025-08-03 22:33:00.663 | INFO     | src.gmm_model:train:15 - Training GMM on real features...
2025-08-03 22:33:17.569 | INFO     | src.gmm_model:train:17 - Training GMM on fake features...
2025-08-03 22:33:35.786 | INFO     | src.train:train_loop:69 - Epoch 1 - Train Accuracy: 0.9323
2025-08-03 22:49:17.807 | INFO     | src.utils:init_logging:10 - Logger initialized.
2025-08-03 22:49:17.807 | INFO     | src.train:load_features_from_folder:19 - Loading cached features from features/SGDF/real_train.npy
2025-08-03 22:49:17.812 | INFO     | src.train:load_features_from_folder:19 - Loading cached features from features/SGDF/fake_train.npy
2025-08-03 22:49:17.818 | INFO     | src.train:load_features_from_folder:19 - Loading cached features from features/SGDF/real_val.npy
2025-08-03 22:49:17.820 | INFO     | src.train:load_features_from_folder:19 - Loading cached features from features/SGDF/fake_val.npy
2025-08-03 22:49:17.822 | INFO     | src.train:train_loop:54 - Original feature dimension: 190
2025-08-03 22:49:17.822 | INFO     | src.train:train_loop:60 - Epoch 1 - Training GMMs
2025-08-03 22:49:17.822 | INFO     | src.gmm_model:train:15 - Training GMM on real features...
2025-08-03 22:49:34.212 | INFO     | src.gmm_model:train:17 - Training GMM on fake features...
2025-08-03 22:49:56.088 | INFO     | src.train:train_loop:69 - Epoch 0 - Train Accuracy: 0.9310
2025-08-03 22:49:56.090 | INFO     | src.train:train_loop:74 - Evaluating on validation set...
2025-08-03 22:49:56.590 | INFO     | src.train:train_loop:105 - Epoch 0 - Val Accuracy: 0.8081
2025-08-03 22:49:56.591 | INFO     | src.train:train_loop:106 - Validation scores stats — mean: 3.5330, std: 35.6497
2025-08-03 22:49:56.591 | INFO     | src.train:train_loop:117 - New best model found. Saving checkpoints...
2025-08-03 22:50:35.970 | INFO     | src.utils:init_logging:10 - Logger initialized.
2025-08-03 22:50:35.970 | INFO     | src.train:load_features_from_folder:19 - Loading cached features from features/SGDF/real_train.npy
2025-08-03 22:50:35.974 | INFO     | src.train:load_features_from_folder:19 - Loading cached features from features/SGDF/fake_train.npy
2025-08-03 22:50:35.979 | INFO     | src.train:load_features_from_folder:19 - Loading cached features from features/SGDF/real_val.npy
2025-08-03 22:50:35.980 | INFO     | src.train:load_features_from_folder:19 - Loading cached features from features/SGDF/fake_val.npy
2025-08-03 22:50:35.982 | INFO     | src.train:train_loop:54 - Original feature dimension: 190
2025-08-03 22:50:35.982 | INFO     | src.train:train_loop:60 - Epoch 1 - Training GMMs
2025-08-03 22:50:35.982 | INFO     | src.gmm_model:train:15 - Training GMM on real features...
2025-08-03 22:50:50.663 | INFO     | src.gmm_model:train:17 - Training GMM on fake features...
2025-08-03 22:51:15.799 | INFO     | src.train:train_loop:69 - Epoch 0 - Train Accuracy: 0.9332
2025-08-03 22:51:15.800 | INFO     | src.train:train_loop:74 - Evaluating on validation set...
2025-08-03 22:51:16.291 | INFO     | src.train:train_loop:105 - Epoch 0 - Val Accuracy: 0.8096
2025-08-03 22:51:16.291 | INFO     | src.train:train_loop:106 - Validation scores stats — mean: 3.3843, std: 35.5580
2025-08-03 22:51:16.291 | INFO     | src.train:train_loop:117 - New best model found. Saving checkpoints...
2025-08-03 22:51:16.302 | INFO     | src.gmm_model:save:23 - Saved models to /root/Project/weights/Statistical/SGDF/gmm_real.pkl, /root/Project/weights/Statistical/SGDF/gmm_fake.pkl
2025-08-03 22:51:16.302 | INFO     | src.train:train_loop:60 - Epoch 2 - Training GMMs
2025-08-03 22:51:16.302 | INFO     | src.gmm_model:train:15 - Training GMM on real features...
2025-08-03 22:52:30.101 | INFO     | src.utils:init_logging:10 - Logger initialized.
2025-08-03 22:53:38.245 | INFO     | src.utils:init_logging:10 - Logger initialized.
2025-08-03 22:53:38.245 | INFO     | src.train:load_features_from_folder:19 - Loading cached features from features/SGDF/real_train.npy
2025-08-03 22:53:38.250 | INFO     | src.train:load_features_from_folder:19 - Loading cached features from features/SGDF/fake_train.npy
2025-08-03 22:53:38.255 | INFO     | src.train:load_features_from_folder:19 - Loading cached features from features/SGDF/real_val.npy
2025-08-03 22:53:38.256 | INFO     | src.train:load_features_from_folder:19 - Loading cached features from features/SGDF/fake_val.npy
2025-08-03 22:53:38.258 | INFO     | src.train:train_loop:54 - Original feature dimension: 190
2025-08-03 22:53:38.258 | INFO     | src.train:train_loop:60 - Epoch 1 - Training GMMs
2025-08-03 22:53:38.259 | INFO     | src.gmm_model:train:15 - Training GMM on real features...
2025-08-03 22:54:01.186 | INFO     | src.gmm_model:train:17 - Training GMM on fake features...
2025-08-03 22:54:18.860 | INFO     | src.train:train_loop:69 - Epoch 0 - Train Accuracy: 0.9352
2025-08-03 22:54:18.861 | INFO     | src.train:train_loop:74 - Evaluating on validation set...
2025-08-03 22:54:19.281 | INFO     | src.train:train_loop:105 - Epoch 0 - Val Accuracy: 0.7791
2025-08-03 22:54:19.282 | INFO     | src.train:train_loop:106 - Validation scores stats — mean: 3.6132, std: 31.1167
2025-08-03 22:54:19.282 | INFO     | src.train:train_loop:117 - New best model found. Saving checkpoints...
2025-08-03 22:54:19.290 | INFO     | src.gmm_model:save:23 - Saved models to /root/Project/weights/Statistical/SGDF/gmm_real.pkl, /root/Project/weights/Statistical/SGDF/gmm_fake.pkl
2025-08-03 22:54:19.291 | INFO     | src.train:train_loop:60 - Epoch 2 - Training GMMs
2025-08-03 22:54:19.291 | INFO     | src.gmm_model:train:15 - Training GMM on real features...
2025-08-03 22:54:35.677 | INFO     | src.gmm_model:train:17 - Training GMM on fake features...
2025-08-03 22:54:49.766 | INFO     | src.train:train_loop:69 - Epoch 1 - Train Accuracy: 0.9226
2025-08-03 22:54:49.767 | INFO     | src.train:train_loop:74 - Evaluating on validation set...
2025-08-03 22:54:50.168 | INFO     | src.train:train_loop:105 - Epoch 1 - Val Accuracy: 0.7879
2025-08-03 22:54:50.168 | INFO     | src.train:train_loop:106 - Validation scores stats — mean: 2.2997, std: 33.8504
2025-08-03 22:54:50.169 | INFO     | src.train:train_loop:117 - New best model found. Saving checkpoints...
2025-08-03 22:54:50.177 | INFO     | src.gmm_model:save:23 - Saved models to /root/Project/weights/Statistical/SGDF/gmm_real.pkl, /root/Project/weights/Statistical/SGDF/gmm_fake.pkl
2025-08-03 22:54:50.177 | INFO     | src.train:train_loop:60 - Epoch 3 - Training GMMs
2025-08-03 22:54:50.177 | INFO     | src.gmm_model:train:15 - Training GMM on real features...
2025-08-03 22:55:05.164 | INFO     | src.gmm_model:train:17 - Training GMM on fake features...
2025-08-03 22:55:20.195 | INFO     | src.train:train_loop:69 - Epoch 2 - Train Accuracy: 0.9201
2025-08-03 22:55:20.196 | INFO     | src.train:train_loop:74 - Evaluating on validation set...
2025-08-03 22:55:20.652 | INFO     | src.train:train_loop:105 - Epoch 2 - Val Accuracy: 0.7894
2025-08-03 22:55:20.652 | INFO     | src.train:train_loop:106 - Validation scores stats — mean: 2.1082, std: 33.6492
2025-08-03 22:55:20.653 | INFO     | src.train:train_loop:117 - New best model found. Saving checkpoints...
2025-08-03 22:55:20.662 | INFO     | src.gmm_model:save:23 - Saved models to /root/Project/weights/Statistical/SGDF/gmm_real.pkl, /root/Project/weights/Statistical/SGDF/gmm_fake.pkl
2025-08-03 22:55:20.662 | INFO     | src.train:train_loop:60 - Epoch 4 - Training GMMs
2025-08-03 22:55:20.662 | INFO     | src.gmm_model:train:15 - Training GMM on real features...
2025-08-03 22:56:05.968 | INFO     | src.utils:init_logging:10 - Logger initialized.
2025-08-03 22:56:05.968 | INFO     | src.train:load_features_from_folder:19 - Loading cached features from features/SGDF/real_train.npy
2025-08-03 22:56:05.973 | INFO     | src.train:load_features_from_folder:19 - Loading cached features from features/SGDF/fake_train.npy
2025-08-03 22:56:05.977 | INFO     | src.train:load_features_from_folder:19 - Loading cached features from features/SGDF/real_val.npy
2025-08-03 22:56:05.979 | INFO     | src.train:load_features_from_folder:19 - Loading cached features from features/SGDF/fake_val.npy
2025-08-03 22:56:05.980 | INFO     | src.train:train_loop:54 - Original feature dimension: 190
2025-08-03 22:56:05.980 | INFO     | src.train:train_loop:60 - Epoch 1 - Training GMMs
2025-08-03 22:56:05.980 | INFO     | src.gmm_model:train:15 - Training GMM on real features...
2025-08-03 22:56:21.189 | INFO     | src.gmm_model:train:17 - Training GMM on fake features...
2025-08-03 22:56:38.603 | INFO     | src.train:train_loop:69 - Epoch 1 - Train Accuracy: 0.9357
2025-08-03 22:56:38.604 | INFO     | src.train:train_loop:74 - Evaluating on validation set...
2025-08-03 22:56:39.059 | INFO     | src.train:train_loop:105 - Epoch 1 - Val Accuracy: 0.7817
2025-08-03 22:56:39.060 | INFO     | src.train:train_loop:106 - Validation scores stats — mean: 3.4122, std: 31.2072
2025-08-03 22:56:39.060 | INFO     | src.train:train_loop:117 - New best model found. Saving checkpoints...
2025-08-03 22:56:39.070 | INFO     | src.gmm_model:save:23 - Saved models to /root/Project/weights/Statistical/SGDF/gmm_real.pkl, /root/Project/weights/Statistical/SGDF/gmm_fake.pkl
2025-08-03 22:56:39.070 | INFO     | src.train:train_loop:60 - Epoch 2 - Training GMMs
2025-08-03 22:56:39.070 | INFO     | src.gmm_model:train:15 - Training GMM on real features...
